{"numTotalTestSuites":21,"numPassedTestSuites":21,"numFailedTestSuites":0,"numPendingTestSuites":0,"numTotalTests":61,"numPassedTests":61,"numFailedTests":0,"numPendingTests":0,"numTodoTests":0,"snapshot":{"added":0,"failure":false,"filesAdded":0,"filesRemoved":0,"filesRemovedList":[],"filesUnmatched":0,"filesUpdated":0,"matched":0,"total":0,"unchecked":0,"uncheckedKeysByFile":[],"unmatched":0,"updated":0,"didUpdate":false},"startTime":1785429569154,"success":true,"testResults":[{"assertionResults":[{"ancestorTitles":["SPEC-006 跨 Agent 提问"],"fullName":"SPEC-006 跨 Agent 提问 AC-3.3.1 / AC-3.3.3: 问自己的资料——先检索再生成，答案带出处，且落一条日志","status":"passed","title":"AC-3.3.1 / AC-3.3.3: 问自己的资料——先检索再生成，答案带出处，且落一条日志","duration":1143.859416,"failureMessages":[],"meta":{},"tags":[]},{"ancestorTitles":["SPEC-006 跨 Agent 提问"],"fullName":"SPEC-006 跨 Agent 提问 AC-3.3.2: 自己资料里没有、也没指定问谁时，明确说「我的资料里没有」，⛔ 不编","status":"passed","title":"AC-3.3.2: 自己资料里没有、也没指定问谁时，明确说「我的资料里没有」，⛔ 不编","duration":398.5787089999999,"failureMessages":[],"meta":{},"tags":[]},{"ancestorTitles":["SPEC-006 跨 Agent 提问"],"fullName":"SPEC-006 跨 Agent 提问 AC-6.1.1 / AC-6.1.4 / AC-6.1.5: 指定问同事时，答案标注来源且日志记 was_cross_employee","status":"passed","title":"AC-6.1.1 / AC-6.1.4 / AC-6.1.5: 指定问同事时，答案标注来源且日志记 was_cross_employee","duration":738.1784170000001,"failureMessages":[],"meta":{},"tags":[]},{"ancestorTitles":["SPEC-006 跨 Agent 提问"],"fullName":"SPEC-006 跨 Agent 提问 AC-6.1.2: **负向**——同事没开开关的条目，跨人提问一个字都拿不到","status":"passed","title":"AC-6.1.2: **负向**——同事没开开关的条目，跨人提问一个字都拿不到","duration":552.1783750000004,"failureMessages":[],"meta":{},"tags":[]},{"ancestorTitles":["SPEC-006 跨 Agent 提问"],"fullName":"SPEC-006 跨 Agent 提问 AC-6.1.3: 只允许一跳——hop 已经是 1 时再跨人直接被拒","status":"passed","title":"AC-6.1.3: 只允许一跳——hop 已经是 1 时再跨人直接被拒","duration":1.9490829999995185,"failureMessages":[],"meta":{},"tags":[]},{"ancestorTitles":["SPEC-006 跨 Agent 提问"],"fullName":"SPEC-006 跨 Agent 提问 AC-6.1.1: 问一个不存在的同事，报可读错误而不是静默返回空","status":"passed","title":"AC-6.1.1: 问一个不存在的同事，报可读错误而不是静默返回空","duration":180.7731249999997,"failureMessages":[],"meta":{},"tags":[]},{"ancestorTitles":["SPEC-006 跨 Agent 提问"],"fullName":"SPEC-006 跨 Agent 提问 AC-6.2.1: 跨人提问记录能查到「谁问了谁、问了什么、拿到了什么」","status":"passed","title":"AC-6.2.1: 跨人提问记录能查到「谁问了谁、问了什么、拿到了什么」","duration":185.42612499999996,"failureMessages":[],"meta":{},"tags":[]}],"startTime":1785429699448,"endTime":1785429702650.426,"status":"passed","message":"","name":"/Users/superlls/personal/baton/tests/integration/cross-agent.test.ts"},{"assertionResults":[{"ancestorTitles":["SPEC-004 记忆条目抽取"],"fullName":"SPEC-004 记忆条目抽取 AC-4.1.1: 抽取产出的每条记忆都带 source_file_id 与 source_chunk_id","status":"passed","title":"AC-4.1.1: 抽取产出的每条记忆都带 source_file_id 与 source_chunk_id","duration":3002.109209000001,"failureMessages":[],"meta":{},"tags":[]},{"ancestorTitles":["SPEC-004 记忆条目抽取"],"fullName":"SPEC-004 记忆条目抽取 AC-4.1.2: 每条记忆的分类都落在五类之内","status":"passed","title":"AC-4.1.2: 每条记忆的分类都落在五类之内","duration":470.2038329999996,"failureMessages":[],"meta":{},"tags":[]},{"ancestorTitles":["SPEC-004 记忆条目抽取"],"fullName":"SPEC-004 记忆条目抽取 AC-4.1.4: 重复抽取同一文件不产生重复条目","status":"passed","title":"AC-4.1.4: 重复抽取同一文件不产生重复条目","duration":2121.8685000000005,"failureMessages":[],"meta":{},"tags":[]},{"ancestorTitles":["SPEC-004 记忆条目抽取"],"fullName":"SPEC-004 记忆条目抽取 AC-4.1.3: LLM 返回不合 schema 时抛错且**一条都不写库**","status":"passed","title":"AC-4.1.3: LLM 返回不合 schema 时抛错且**一条都不写库**","duration":1754.6767500000005,"failureMessages":[],"meta":{},"tags":[]},{"ancestorTitles":["SPEC-004 记忆条目抽取"],"fullName":"SPEC-004 记忆条目抽取 AC-1.3.2: 拿别人的 fileId 去抽取被拒（不能借抽取绕开隔离）","status":"passed","title":"AC-1.3.2: 拿别人的 fileId 去抽取被拒（不能借抽取绕开隔离）","duration":517.0112910000007,"failureMessages":[],"meta":{},"tags":[]}],"startTime":1785429666784,"endTime":1785429674652.0112,"status":"passed","message":"","name":"/Users/superlls/personal/baton/tests/integration/extract.test.ts"},{"assertionResults":[{"ancestorTitles":["SPEC-005 交接流程"],"fullName":"SPEC-005 交接流程 AC-5.1.3: 默认勾选只包含 include_in_handover_default=true 的条目，included_by 标 default","status":"passed","title":"AC-5.1.3: 默认勾选只包含 include_in_handover_default=true 的条目，included_by 标 default","duration":1684.3774170000002,"failureMessages":[],"meta":{},"tags":[]},{"ancestorTitles":["SPEC-005 交接流程"],"fullName":"SPEC-005 交接流程 AC-5.1.3 / AC-5.1.4: 可以逐条增删，手动加的标 manual_add，重复添加不产生重复明细","status":"passed","title":"AC-5.1.3 / AC-5.1.4: 可以逐条增删，手动加的标 manual_add，重复添加不产生重复明细","duration":5098.287,"failureMessages":[],"meta":{},"tags":[]},{"ancestorTitles":["SPEC-005 交接流程"],"fullName":"SPEC-005 交接流程 AC-5.2.1: 一条都没勾的交接单不能提交","status":"passed","title":"AC-5.2.1: 一条都没勾的交接单不能提交","duration":1671.2564170000005,"failureMessages":[],"meta":{},"tags":[]},{"ancestorTitles":["SPEC-005 交接流程"],"fullName":"SPEC-005 交接流程 AC-5.2.5: 三步进度按「已发起 → 对方已查看 → 对方已确认」依次点亮","status":"passed","title":"AC-5.2.5: 三步进度按「已发起 → 对方已查看 → 对方已确认」依次点亮","duration":4815.105041999999,"failureMessages":[],"meta":{},"tags":[]},{"ancestorTitles":["SPEC-005 交接流程"],"fullName":"SPEC-005 交接流程 AC-5.1.2 / AC-5.2.2: 只有发起人能提交、只有接手人能确认","status":"passed","title":"AC-5.1.2 / AC-5.2.2: 只有发起人能提交、只有接手人能确认","duration":3150.422042,"failureMessages":[],"meta":{},"tags":[]},{"ancestorTitles":["SPEC-005 交接流程"],"fullName":"SPEC-005 交接流程 AC-5.3.1: 记录查询返回谁交给谁、什么时候、交了几条几份","status":"passed","title":"AC-5.3.1: 记录查询返回谁交给谁、什么时候、交了几条几份","duration":174.93504200000098,"failureMessages":[],"meta":{},"tags":[]},{"ancestorTitles":["SPEC-005 交接流程"],"fullName":"SPEC-005 交接流程 AC-5.2.2: 还没提交的草稿单不能被确认","status":"passed","title":"AC-5.2.2: 还没提交的草稿单不能被确认","duration":1767.6242500000008,"failureMessages":[],"meta":{},"tags":[]},{"ancestorTitles":["SPEC-005 交接流程"],"fullName":"SPEC-005 交接流程 AC-5.2.3: 交接来的条目不能再转交给第三人","status":"passed","title":"AC-5.2.3: 交接来的条目不能再转交给第三人","duration":6652.762875,"failureMessages":[],"meta":{},"tags":[]}],"startTime":1785429614617,"endTime":1785429639633.763,"status":"passed","message":"","name":"/Users/superlls/personal/baton/tests/integration/handover-flow.test.ts"},{"assertionResults":[{"ancestorTitles":["SPEC-005 交接的可见权边界"],"fullName":"SPEC-005 交接的可见权边界 AC-5.1.1 / AC-5.1.3: 发起后是 draft，且默认勾选了 include_in_handover_default=true 的条目","status":"passed","title":"AC-5.1.1 / AC-5.1.3: 发起后是 draft，且默认勾选了 include_in_handover_default=true 的条目","duration":1850.5255829999996,"failureMessages":[],"meta":{},"tags":[]},{"ancestorTitles":["SPEC-005 交接的可见权边界"],"fullName":"SPEC-005 交接的可见权边界 AC-5.1.4 / AC-5.1.5: 能勾原始文件，预览按类型分组给出接手人会看到什么","status":"passed","title":"AC-5.1.4 / AC-5.1.5: 能勾原始文件，预览按类型分组给出接手人会看到什么","duration":1269.8525419999996,"failureMessages":[],"meta":{},"tags":[]},{"ancestorTitles":["SPEC-005 交接的可见权边界"],"fullName":"SPEC-005 交接的可见权边界 AC-5.2.1 / AC-3.2.3: 提交后仍是 submitted，接手人**一条都看不到**","status":"passed","title":"AC-5.2.1 / AC-3.2.3: 提交后仍是 submitted，接手人**一条都看不到**","duration":2449.1751249999998,"failureMessages":[],"meta":{},"tags":[]},{"ancestorTitles":["SPEC-005 交接的可见权边界"],"fullName":"SPEC-005 交接的可见权边界 AC-5.2.2 / AC-3.2.2: 接手人确认后，勾了的能看到，且标注了「来源：<前任> 交接」","status":"passed","title":"AC-5.2.2 / AC-3.2.2: 接手人确认后，勾了的能看到，且标注了「来源：<前任> 交接」","duration":3314.5637499999993,"failureMessages":[],"meta":{},"tags":[]},{"ancestorTitles":["SPEC-005 交接的可见权边界"],"fullName":"SPEC-005 交接的可见权边界 AC-5.2.4: **负向**——没勾的内容，交接完成后接手人依然看不到","status":"passed","title":"AC-5.2.4: **负向**——没勾的内容，交接完成后接手人依然看不到","duration":2621.012417,"failureMessages":[],"meta":{},"tags":[]},{"ancestorTitles":["SPEC-005 交接的可见权边界"],"fullName":"SPEC-005 交接的可见权边界 AC-5.2.3: 交接完成后，被交接内容的 owner_employee_id **完全没变**","status":"passed","title":"AC-5.2.3: 交接完成后，被交接内容的 owner_employee_id **完全没变**","duration":555.6739999999991,"failureMessages":[],"meta":{},"tags":[]},{"ancestorTitles":["SPEC-005 交接的可见权边界"],"fullName":"SPEC-005 交接的可见权边界 AC-5.3.3: 已完成的交接单不能再改明细（记录只增不改）","status":"passed","title":"AC-5.3.3: 已完成的交接单不能再改明细（记录只增不改）","duration":409.255208999999,"failureMessages":[],"meta":{},"tags":[]},{"ancestorTitles":["SPEC-005 交接的可见权边界"],"fullName":"SPEC-005 交接的可见权边界 AC-5.3.2: 离职原因的交接完成后，未交接内容被标「已随账号封存」而**不是删除**","status":"passed","title":"AC-5.3.2: 离职原因的交接完成后，未交接内容被标「已随账号封存」而**不是删除**","duration":925.799167000001,"failureMessages":[],"meta":{},"tags":[]},{"ancestorTitles":["SPEC-005 交接的可见权边界"],"fullName":"SPEC-005 交接的可见权边界 AC-5.1.2: 交给自己会被拒绝","status":"passed","title":"AC-5.1.2: 交给自己会被拒绝","duration":1.1940409999988333,"failureMessages":[],"meta":{},"tags":[]},{"ancestorTitles":["SPEC-005 交接的可见权边界"],"fullName":"SPEC-005 交接的可见权边界 AC-5.2.2: 与这张单无关的第三人既看不到详情，也确认不了","status":"passed","title":"AC-5.2.2: 与这张单无关的第三人既看不到详情，也确认不了","duration":575.5557089999984,"failureMessages":[],"meta":{},"tags":[]}],"startTime":1785429643841,"endTime":1785429657816.5557,"status":"passed","message":"","name":"/Users/superlls/personal/baton/tests/integration/handover-scope.test.ts"},{"assertionResults":[{"ancestorTitles":["SPEC-002 摄取状态机"],"fullName":"SPEC-002 摄取状态机 AC-2.1.1: 建档后 parse_status 是 pending，总片数为 0","status":"passed","title":"AC-2.1.1: 建档后 parse_status 是 pending，总片数为 0","duration":170.94041700000002,"failureMessages":[],"meta":{},"tags":[]},{"ancestorTitles":["SPEC-002 摄取状态机"],"fullName":"SPEC-002 摄取状态机 AC-2.3.1: 状态严格按 pending → parsing → chunking → embedding → done 单向流转","status":"passed","title":"AC-2.3.1: 状态严格按 pending → parsing → chunking → embedding → done 单向流转","duration":7939.388792000001,"failureMessages":[],"meta":{},"tags":[]},{"ancestorTitles":["SPEC-002 摄取状态机"],"fullName":"SPEC-002 摄取状态机 AC-2.3.3: 同一份文件重复处理不产生重复 chunk","status":"passed","title":"AC-2.3.3: 同一份文件重复处理不产生重复 chunk","duration":10820.303083,"failureMessages":[],"meta":{},"tags":[]},{"ancestorTitles":["SPEC-002 摄取状态机"],"fullName":"SPEC-002 摄取状态机 AC-2.3.2: embedding 失败时 chunk 仍然留在库里、embedding 为 NULL，且可以补跑","status":"passed","title":"AC-2.3.2: embedding 失败时 chunk 仍然留在库里、embedding 为 NULL，且可以补跑","duration":9430.906334000003,"failureMessages":[],"meta":{},"tags":[]},{"ancestorTitles":["SPEC-002 摄取状态机"],"fullName":"SPEC-002 摄取状态机 AC-2.2.5: 疑似扫描件的 PDF 转 failed 并写明原因，⛔ 不许静默成功","status":"passed","title":"AC-2.2.5: 疑似扫描件的 PDF 转 failed 并写明原因，⛔ 不许静默成功","duration":1611.2761250000003,"failureMessages":[],"meta":{},"tags":[]},{"ancestorTitles":["SPEC-002 摄取状态机"],"fullName":"SPEC-002 摄取状态机 AC-2.2.1: 走完整流程的真 PDF，切片带真页码，能被自己检索到","status":"passed","title":"AC-2.2.1: 走完整流程的真 PDF，切片带真页码，能被自己检索到","duration":7139.746542000001,"failureMessages":[],"meta":{},"tags":[]},{"ancestorTitles":["SPEC-002 摄取状态机"],"fullName":"SPEC-002 摄取状态机 AC-2.3.2: 单条 chunk 连续失败 5 次后标 failed，⛔ 不卡死整份文件","status":"passed","title":"AC-2.3.2: 单条 chunk 连续失败 5 次后标 failed，⛔ 不卡死整份文件","duration":4637.077041999997,"failureMessages":[],"meta":{},"tags":[]}],"startTime":1785429569885,"endTime":1785429611637.0771,"status":"passed","message":"","name":"/Users/superlls/personal/baton/tests/integration/ingest-state.test.ts"},{"assertionResults":[{"ancestorTitles":["SPEC-001/003 跨人数据隔离"],"fullName":"SPEC-001/003 跨人数据隔离 AC-1.3.1: 员工 A 的文件列表里不含任何员工 B 的文件","status":"passed","title":"AC-1.3.1: 员工 A 的文件列表里不含任何员工 B 的文件","duration":537.321166,"failureMessages":[],"meta":{},"tags":[]},{"ancestorTitles":["SPEC-001/003 跨人数据隔离"],"fullName":"SPEC-001/003 跨人数据隔离 AC-1.3.1: 员工 A 的记忆条目列表里不含任何员工 B 的条目，即使那条开了 visible_to_colleagues","status":"passed","title":"AC-1.3.1: 员工 A 的记忆条目列表里不含任何员工 B 的条目，即使那条开了 visible_to_colleagues","duration":343.2943329999998,"failureMessages":[],"meta":{},"tags":[]},{"ancestorTitles":["SPEC-001/003 跨人数据隔离"],"fullName":"SPEC-001/003 跨人数据隔离 AC-1.3.2: A 显式拿 B 的 fileId 去查，返回 403 而不是数据","status":"passed","title":"AC-1.3.2: A 显式拿 B 的 fileId 去查，返回 403 而不是数据","duration":665.886958,"failureMessages":[],"meta":{},"tags":[]},{"ancestorTitles":["SPEC-001/003 跨人数据隔离"],"fullName":"SPEC-001/003 跨人数据隔离 AC-1.3.2: A 显式拿 B 的 memoryId 去查，返回 403 而不是数据","status":"passed","title":"AC-1.3.2: A 显式拿 B 的 memoryId 去查，返回 403 而不是数据","duration":381.09770800000024,"failureMessages":[],"meta":{},"tags":[]},{"ancestorTitles":["SPEC-001/003 跨人数据隔离"],"fullName":"SPEC-001/003 跨人数据隔离 AC-1.3.2: A 拿 B 的 fileId 去要切片，同样被拒","status":"passed","title":"AC-1.3.2: A 拿 B 的 fileId 去要切片，同样被拒","duration":379.0342919999998,"failureMessages":[],"meta":{},"tags":[]},{"ancestorTitles":["SPEC-001/003 跨人数据隔离"],"fullName":"SPEC-001/003 跨人数据隔离 AC-3.2.1: A 检索 B 独有的关键词，一条都搜不到","status":"passed","title":"AC-3.2.1: A 检索 B 独有的关键词，一条都搜不到","duration":282.2582089999996,"failureMessages":[],"meta":{},"tags":[]},{"ancestorTitles":["SPEC-001/003 跨人数据隔离"],"fullName":"SPEC-001/003 跨人数据隔离 AC-3.2.1: 反过来 B 也搜不到 A 独有的关键词（隔离是双向的）","status":"passed","title":"AC-3.2.1: 反过来 B 也搜不到 A 独有的关键词（隔离是双向的）","duration":203.84504199999992,"failureMessages":[],"meta":{},"tags":[]},{"ancestorTitles":["SPEC-001/003 跨人数据隔离"],"fullName":"SPEC-001/003 跨人数据隔离 AC-1.3.1: A 只能改自己的记忆条目，改 B 的直接 403","status":"passed","title":"AC-1.3.1: A 只能改自己的记忆条目，改 B 的直接 403","duration":168.31929200000013,"failureMessages":[],"meta":{},"tags":[]}],"startTime":1785429686567,"endTime":1785429689530.3193,"status":"passed","message":"","name":"/Users/superlls/personal/baton/tests/integration/isolation.test.ts"},{"assertionResults":[{"ancestorTitles":["SPEC-004 记忆条目编辑与开关"],"fullName":"SPEC-004 记忆条目编辑与开关 AC-4.2.1: 改正文后持久化，且 updated_at 变新","status":"passed","title":"AC-4.2.1: 改正文后持久化，且 updated_at 变新","duration":1996.058208,"failureMessages":[],"meta":{},"tags":[]},{"ancestorTitles":["SPEC-004 记忆条目编辑与开关"],"fullName":"SPEC-004 记忆条目编辑与开关 AC-4.2.2: 三个开关各自独立，切换后立即持久化","status":"passed","title":"AC-4.2.2: 三个开关各自独立，切换后立即持久化","duration":1399.1661670000003,"failureMessages":[],"meta":{},"tags":[]},{"ancestorTitles":["SPEC-004 记忆条目编辑与开关"],"fullName":"SPEC-004 记忆条目编辑与开关 AC-4.2.3: is_editable=false 时，**服务端**拒绝改正文（前端拦截不算数）","status":"passed","title":"AC-4.2.3: is_editable=false 时，**服务端**拒绝改正文（前端拦截不算数）","duration":540.6432089999998,"failureMessages":[],"meta":{},"tags":[]},{"ancestorTitles":["SPEC-004 记忆条目编辑与开关"],"fullName":"SPEC-004 记忆条目编辑与开关 AC-4.2.3: 锁定状态下仍可以切换开关本身（否则就永远解不开锁了）","status":"passed","title":"AC-4.2.3: 锁定状态下仍可以切换开关本身（否则就永远解不开锁了）","duration":1104.2695409999997,"failureMessages":[],"meta":{},"tags":[]},{"ancestorTitles":["SPEC-004 记忆条目编辑与开关"],"fullName":"SPEC-004 记忆条目编辑与开关 AC-4.2.4: 按类型筛选只返回该类型的条目","status":"passed","title":"AC-4.2.4: 按类型筛选只返回该类型的条目","duration":1205.046042,"failureMessages":[],"meta":{},"tags":[]}],"startTime":1785429677020,"endTime":1785429683267.0461,"status":"passed","message":"","name":"/Users/superlls/personal/baton/tests/integration/memory-edit.test.ts"},{"assertionResults":[{"ancestorTitles":["SPEC-002 PDF 解析"],"fullName":"SPEC-002 PDF 解析 AC-2.2.1: 逐页提取，chunk 的 page_no 是真实页码且不跨页","status":"passed","title":"AC-2.2.1: 逐页提取，chunk 的 page_no 是真实页码且不跨页","duration":37.950582999999995,"failureMessages":[],"meta":{},"tags":[]},{"ancestorTitles":["SPEC-002 PDF 解析"],"fullName":"SPEC-002 PDF 解析 AC-2.2.5: 没有文字层的 PDF 被判定为扫描件，⛔ 不许静默成功","status":"passed","title":"AC-2.2.5: 没有文字层的 PDF 被判定为扫描件，⛔ 不许静默成功","duration":1.3183329999999955,"failureMessages":[],"meta":{},"tags":[]},{"ancestorTitles":["SPEC-002 docx 解析"],"fullName":"SPEC-002 docx 解析 AC-2.2.2: page_no 为空但 page_label 必有值，且 heading_path 反映章节层级","status":"passed","title":"AC-2.2.2: page_no 为空但 page_label 必有值，且 heading_path 反映章节层级","duration":11.204417000000007,"failureMessages":[],"meta":{},"tags":[]},{"ancestorTitles":["SPEC-002 xlsx 解析"],"fullName":"SPEC-002 xlsx 解析 AC-2.2.3: page_label 是「Sheet名!行区间」，且每个单元都带表头行","status":"passed","title":"AC-2.2.3: page_label 是「Sheet名!行区间」，且每个单元都带表头行","duration":13.39149999999998,"failureMessages":[],"meta":{},"tags":[]},{"ancestorTitles":["SPEC-002 txt/md 解析"],"fullName":"SPEC-002 txt/md 解析 AC-2.2.2: markdown 按标题分节，每节的 page_label 是标题本身","status":"passed","title":"AC-2.2.2: markdown 按标题分节，每节的 page_label 是标题本身","duration":0.4482500000000016,"failureMessages":[],"meta":{},"tags":[]}],"startTime":1785429704091,"endTime":1785429704155.4482,"status":"passed","message":"","name":"/Users/superlls/personal/baton/tests/integration/parse.test.ts"},{"assertionResults":[{"ancestorTitles":["SPEC-003 混合检索"],"fullName":"SPEC-003 混合检索 AC-3.1.1: 搜一个中文客户名能命中，且是靠模糊那一路（查询向量与目标无关）","status":"passed","title":"AC-3.1.1: 搜一个中文客户名能命中，且是靠模糊那一路（查询向量与目标无关）","duration":802.558291,"failureMessages":[],"meta":{},"tags":[]},{"ancestorTitles":["SPEC-003 混合检索"],"fullName":"SPEC-003 混合检索 AC-3.1.4: 每条结果都带得住的出处（文件名 + page_label），第 2 页的内容标的就是第 2 页","status":"passed","title":"AC-3.1.4: 每条结果都带得住的出处（文件名 + page_label），第 2 页的内容标的就是第 2 页","duration":579.607458,"failureMessages":[],"meta":{},"tags":[]},{"ancestorTitles":["SPEC-003 混合检索"],"fullName":"SPEC-003 混合检索 AC-3.1.2: 结果按 RRF 融合分严格降序返回","status":"passed","title":"AC-3.1.2: 结果按 RRF 融合分严格降序返回","duration":606.5644159999997,"failureMessages":[],"meta":{},"tags":[]},{"ancestorTitles":["SPEC-003 混合检索"],"fullName":"SPEC-003 混合检索 AC-3.1.3: 2 个字的短查询不返回空（子串兜底必须生效）","status":"passed","title":"AC-3.1.3: 2 个字的短查询不返回空（子串兜底必须生效）","duration":598.2510840000004,"failureMessages":[],"meta":{},"tags":[]},{"ancestorTitles":["SPEC-003 混合检索"],"fullName":"SPEC-003 混合检索 AC-3.1.1: 记忆条目和文档切片都会被召回，两类结果能同时出现","status":"passed","title":"AC-3.1.1: 记忆条目和文档切片都会被召回，两类结果能同时出现","duration":659.8978749999997,"failureMessages":[],"meta":{},"tags":[]},{"ancestorTitles":["SPEC-003 混合检索"],"fullName":"SPEC-003 混合检索 AC-3.3.2: 搜一个库里根本没有的词，返回空数组而不是硬凑结果","status":"passed","title":"AC-3.3.2: 搜一个库里根本没有的词，返回空数组而不是硬凑结果","duration":275.4400830000004,"failureMessages":[],"meta":{},"tags":[]}],"startTime":1785429692768,"endTime":1785429696291.4402,"status":"passed","message":"","name":"/Users/superlls/personal/baton/tests/integration/search.test.ts"}]}