{"numTotalTestSuites":37,"numPassedTestSuites":37,"numFailedTestSuites":0,"numPendingTestSuites":0,"numTotalTests":95,"numPassedTests":95,"numFailedTests":0,"numPendingTests":0,"numTodoTests":0,"snapshot":{"added":0,"failure":false,"filesAdded":0,"filesRemoved":0,"filesRemovedList":[],"filesUnmatched":0,"filesUpdated":0,"matched":0,"total":0,"unchecked":0,"uncheckedKeysByFile":[],"unmatched":0,"updated":0,"didUpdate":false},"startTime":1785430763502,"success":true,"testResults":[{"assertionResults":[{"ancestorTitles":["SPEC-002 切片"],"fullName":"SPEC-002 切片 AC-2.2.4: 单个 chunk 的字符数落在 300–1000 之间（末片可短）","status":"passed","title":"AC-2.2.4: 单个 chunk 的字符数落在 300–1000 之间（末片可短）","duration":2.460250000000002,"failureMessages":[],"meta":{},"tags":[]},{"ancestorTitles":["SPEC-002 切片"],"fullName":"SPEC-002 切片 AC-2.2.4: 相邻 chunk 有约 15% 的重叠，且重叠是真的重叠（后片开头能在前片结尾找到）","status":"passed","title":"AC-2.2.4: 相邻 chunk 有约 15% 的重叠，且重叠是真的重叠（后片开头能在前片结尾找到）","duration":0.4463749999999891,"failureMessages":[],"meta":{},"tags":[]},{"ancestorTitles":["SPEC-002 切片"],"fullName":"SPEC-002 切片 AC-2.2.1: chunk 不跨页——每片都原样继承所属单元的 pageNo / pageLabel","status":"passed","title":"AC-2.2.1: chunk 不跨页——每片都原样继承所属单元的 pageNo / pageLabel","duration":2.276834000000008,"failureMessages":[],"meta":{},"tags":[]},{"ancestorTitles":["SPEC-002 切片"],"fullName":"SPEC-002 切片 AC-2.2.4: 短单元不被继续切分，空白单元被丢弃","status":"passed","title":"AC-2.2.4: 短单元不被继续切分，空白单元被丢弃","duration":0.4231670000000065,"failureMessages":[],"meta":{},"tags":[]},{"ancestorTitles":["SPEC-002 切片"],"fullName":"SPEC-002 切片 AC-2.2.4: 每片都带归一化后的 contentNorm 与真实字符数","status":"passed","title":"AC-2.2.4: 每片都带归一化后的 contentNorm 与真实字符数","duration":0.09841700000001197,"failureMessages":[],"meta":{},"tags":[]}],"startTime":1785430763687,"endTime":1785430763693.0984,"status":"passed","message":"","name":"/Users/superlls/personal/baton/tests/unit/chunk.test.ts"},{"assertionResults":[{"ancestorTitles":["SPEC-001 数据访问单一入口"],"fullName":"SPEC-001 数据访问单一入口 AC-1.3.4: 源码中 .from('bt_ 只允许出现在 lib/db.ts","status":"passed","title":"AC-1.3.4: 源码中 .from('bt_ 只允许出现在 lib/db.ts","duration":198.50258399999998,"failureMessages":[],"meta":{},"tags":[]},{"ancestorTitles":["SPEC-001 数据访问单一入口"],"fullName":"SPEC-001 数据访问单一入口 AC-1.3.3: 源码中不出现 NEXT_PUBLIC_ 前缀的服务端密钥变量名","status":"passed","title":"AC-1.3.3: 源码中不出现 NEXT_PUBLIC_ 前缀的服务端密钥变量名","duration":217.16304200000002,"failureMessages":[],"meta":{},"tags":[]}],"startTime":1785430763677,"endTime":1785430764093.163,"status":"passed","message":"","name":"/Users/superlls/personal/baton/tests/unit/db-single-entry.test.ts"},{"assertionResults":[{"ancestorTitles":["SPEC-004 抽取结果 schema"],"fullName":"SPEC-004 抽取结果 schema AC-4.1.2: 合规结果被接受，且分类必须落在五类之内","status":"passed","title":"AC-4.1.2: 合规结果被接受，且分类必须落在五类之内","duration":2.337916999999976,"failureMessages":[],"meta":{},"tags":[]},{"ancestorTitles":["SPEC-004 抽取结果 schema"],"fullName":"SPEC-004 抽取结果 schema AC-4.1.3: 分类不在五类之内 → 抛 ExtractSchemaError，⛔ 不写库","status":"passed","title":"AC-4.1.3: 分类不在五类之内 → 抛 ExtractSchemaError，⛔ 不写库","duration":0.6174579999999992,"failureMessages":[],"meta":{},"tags":[]},{"ancestorTitles":["SPEC-004 抽取结果 schema"],"fullName":"SPEC-004 抽取结果 schema AC-4.1.3: 缺字段 / 字段类型不对 → 抛 ExtractSchemaError","status":"passed","title":"AC-4.1.3: 缺字段 / 字段类型不对 → 抛 ExtractSchemaError","duration":0.3867079999999987,"failureMessages":[],"meta":{},"tags":[]},{"ancestorTitles":["SPEC-004 抽取结果 schema"],"fullName":"SPEC-004 抽取结果 schema AC-4.1.3: 根本不是 JSON（模型返回散文）→ 抛 ExtractSchemaError 而不是崩","status":"passed","title":"AC-4.1.3: 根本不是 JSON（模型返回散文）→ 抛 ExtractSchemaError 而不是崩","duration":0.1560829999999953,"failureMessages":[],"meta":{},"tags":[]},{"ancestorTitles":["SPEC-004 抽取结果 schema"],"fullName":"SPEC-004 抽取结果 schema AC-4.1.3: 只要有一条不合规，整批拒绝——⛔ 不许挑合规的那几条偷偷写进去","status":"passed","title":"AC-4.1.3: 只要有一条不合规，整批拒绝——⛔ 不许挑合规的那几条偷偷写进去","duration":0.10254100000000221,"failureMessages":[],"meta":{},"tags":[]},{"ancestorTitles":["SPEC-004 抽取结果 schema"],"fullName":"SPEC-004 抽取结果 schema AC-4.1.3: 空标题 / 超长标题 / 空正文都要被拦下","status":"passed","title":"AC-4.1.3: 空标题 / 超长标题 / 空正文都要被拦下","duration":0.22412499999998658,"failureMessages":[],"meta":{},"tags":[]},{"ancestorTitles":["SPEC-004 抽取结果 schema"],"fullName":"SPEC-004 抽取结果 schema AC-4.1.3: 能从 ```json 代码块里把 JSON 抠出来（模型很爱这么包一层）","status":"passed","title":"AC-4.1.3: 能从 ```json 代码块里把 JSON 抠出来（模型很爱这么包一层）","duration":0.0916249999999934,"failureMessages":[],"meta":{},"tags":[]}],"startTime":1785430763776,"endTime":1785430763780.224,"status":"passed","message":"","name":"/Users/superlls/personal/baton/tests/unit/extract-schema.test.ts"},{"assertionResults":[{"ancestorTitles":["SPEC-001 密码门"],"fullName":"SPEC-001 密码门 AC-1.1.2: 签发的令牌能被同一密钥校验通过，且过期时间为 30 天","status":"passed","title":"AC-1.1.2: 签发的令牌能被同一密钥校验通过，且过期时间为 30 天","duration":7.2509159999999895,"failureMessages":[],"meta":{},"tags":[]},{"ancestorTitles":["SPEC-001 密码门"],"fullName":"SPEC-001 密码门 AC-1.1.2: 会话 Cookie 在 saveme505.help 子域上挂父域，在 localhost 上退化为 host-only","status":"passed","title":"AC-1.1.2: 会话 Cookie 在 saveme505.help 子域上挂父域，在 localhost 上退化为 host-only","duration":0.40408299999998576,"failureMessages":[],"meta":{},"tags":[]},{"ancestorTitles":["SPEC-001 密码门"],"fullName":"SPEC-001 密码门 AC-1.1.3: 被篡改的签名、过期的令牌、空令牌一律校验失败","status":"passed","title":"AC-1.1.3: 被篡改的签名、过期的令牌、空令牌一律校验失败","duration":0.9005840000000092,"failureMessages":[],"meta":{},"tags":[]},{"ancestorTitles":["SPEC-001 密码门"],"fullName":"SPEC-001 密码门 AC-1.1.4: 未配置密码时 checkPassword 恒为 false（绝不裸奔）","status":"passed","title":"AC-1.1.4: 未配置密码时 checkPassword 恒为 false（绝不裸奔）","duration":0.21558399999997846,"failureMessages":[],"meta":{},"tags":[]}],"startTime":1785430763681,"endTime":1785430763690.2156,"status":"passed","message":"","name":"/Users/superlls/personal/baton/tests/unit/hub-auth.test.ts"},{"assertionResults":[{"ancestorTitles":["SPEC-002 文本归一化"],"fullName":"SPEC-002 文本归一化 全角字母数字标点转半角，全角空格转普通空格","status":"passed","title":"全角字母数字标点转半角，全角空格转普通空格","duration":2.4635839999999973,"failureMessages":[],"meta":{},"tags":[]},{"ancestorTitles":["SPEC-002 文本归一化"],"fullName":"SPEC-002 文本归一化 normalizeText 压缩空白、去控制字符、拉丁字母转小写","status":"passed","title":"normalizeText 压缩空白、去控制字符、拉丁字母转小写","duration":0.687375000000003,"failureMessages":[],"meta":{},"tags":[]},{"ancestorTitles":["SPEC-002 文本归一化"],"fullName":"SPEC-002 文本归一化 normalizeText 让同一段话的全角/半角写法归一到同一个串（trgm 才能命中）","status":"passed","title":"normalizeText 让同一段话的全角/半角写法归一到同一个串（trgm 才能命中）","duration":0.24729100000001836,"failureMessages":[],"meta":{},"tags":[]},{"ancestorTitles":["SPEC-002 文本归一化"],"fullName":"SPEC-002 文本归一化 cleanForDisplay 保留换行与大小写，只压掉多余空白和控制字符","status":"passed","title":"cleanForDisplay 保留换行与大小写，只压掉多余空白和控制字符","duration":0.7404169999999795,"failureMessages":[],"meta":{},"tags":[]}],"startTime":1785430763691,"endTime":1785430763694.7405,"status":"passed","message":"","name":"/Users/superlls/personal/baton/tests/unit/normalize.test.ts"},{"assertionResults":[{"ancestorTitles":["SPEC-003 RRF 融合"],"fullName":"SPEC-003 RRF 融合 AC-3.1.2: 用 1/(k+rank) 求和，k = 60","status":"passed","title":"AC-3.1.2: 用 1/(k+rank) 求和，k = 60","duration":1.139916999999997,"failureMessages":[],"meta":{},"tags":[]},{"ancestorTitles":["SPEC-003 RRF 融合"],"fullName":"SPEC-003 RRF 融合 AC-3.1.2: 两路都出现的条目排在只出现一路的前面","status":"passed","title":"AC-3.1.2: 两路都出现的条目排在只出现一路的前面","duration":0.42133299999997575,"failureMessages":[],"meta":{},"tags":[]},{"ancestorTitles":["SPEC-003 RRF 融合"],"fullName":"SPEC-003 RRF 融合 AC-3.1.2: 同一条目只出现一次，且保留首次出现的原始对象","status":"passed","title":"AC-3.1.2: 同一条目只出现一次，且保留首次出现的原始对象","duration":0.3915839999999946,"failureMessages":[],"meta":{},"tags":[]},{"ancestorTitles":["SPEC-003 RRF 融合"],"fullName":"SPEC-003 RRF 融合 AC-3.1.2: 空输入返回空数组，不抛异常","status":"passed","title":"AC-3.1.2: 空输入返回空数组，不抛异常","duration":0.07533300000000054,"failureMessages":[],"meta":{},"tags":[]}],"startTime":1785430763687,"endTime":1785430763689.3916,"status":"passed","message":"","name":"/Users/superlls/personal/baton/tests/unit/rrf.test.ts"},{"assertionResults":[{"ancestorTitles":["SPEC-002 上传校验"],"fullName":"SPEC-002 上传校验 AC-2.1.2: 白名单内的五种类型都能通过，并推断出正确的 sourceType","status":"passed","title":"AC-2.1.2: 白名单内的五种类型都能通过，并推断出正确的 sourceType","duration":1.0312079999999924,"failureMessages":[],"meta":{},"tags":[]},{"ancestorTitles":["SPEC-002 上传校验"],"fullName":"SPEC-002 上传校验 AC-2.1.2: 白名单之外的类型被拒绝，错误文案是可读中文且点名了支持的格式","status":"passed","title":"AC-2.1.2: 白名单之外的类型被拒绝，错误文案是可读中文且点名了支持的格式","duration":0.5038339999999835,"failureMessages":[],"meta":{},"tags":[]},{"ancestorTitles":["SPEC-002 上传校验"],"fullName":"SPEC-002 上传校验 AC-2.1.3: 超过 20MB 被拒绝并提示上限；正好 20MB 放行","status":"passed","title":"AC-2.1.3: 超过 20MB 被拒绝并提示上限；正好 20MB 放行","duration":0.20145800000000236,"failureMessages":[],"meta":{},"tags":[]},{"ancestorTitles":["SPEC-002 上传校验"],"fullName":"SPEC-002 上传校验 AC-2.1.4: 状态到中文文案的映射覆盖整条状态机，切片阶段带上片数","status":"passed","title":"AC-2.1.4: 状态到中文文案的映射覆盖整条状态机，切片阶段带上片数","duration":0.1064580000000035,"failureMessages":[],"meta":{},"tags":[]},{"ancestorTitles":["SPEC-002 上传校验"],"fullName":"SPEC-002 上传校验 AC-2.1.4: 进度百分比随状态单调不降，done 到 100","status":"passed","title":"AC-2.1.4: 进度百分比随状态单调不降，done 到 100","duration":0.12612500000000182,"failureMessages":[],"meta":{},"tags":[]}],"startTime":1785430763688,"endTime":1785430763689.504,"status":"passed","message":"","name":"/Users/superlls/personal/baton/tests/unit/upload-validate.test.ts"},{"assertionResults":[{"ancestorTitles":["SPEC-001 身份切换器"],"fullName":"SPEC-001 身份切换器 AC-1.2.1: 三个种子员工都出现在可选项里","status":"passed","title":"AC-1.2.1: 三个种子员工都出现在可选项里","duration":72.12241700000004,"failureMessages":[],"meta":{},"tags":[]},{"ancestorTitles":["SPEC-001 身份切换器"],"fullName":"SPEC-001 身份切换器 AC-1.2.2: 选中另一个员工时，把新身份的 code 回传给上层","status":"passed","title":"AC-1.2.2: 选中另一个员工时，把新身份的 code 回传给上层","duration":13.854458000000022,"failureMessages":[],"meta":{},"tags":[]},{"ancestorTitles":["SPEC-001 身份切换器"],"fullName":"SPEC-001 身份切换器 AC-1.2.3: 切换后把当前身份写进 localStorage，刷新后能读回来","status":"passed","title":"AC-1.2.3: 切换后把当前身份写进 localStorage，刷新后能读回来","duration":10.606792000000041,"failureMessages":[],"meta":{},"tags":[]}],"startTime":1785430764348,"endTime":1785430764444.6067,"status":"passed","message":"","name":"/Users/superlls/personal/baton/tests/components/identity-switcher.test.tsx"},{"assertionResults":[{"ancestorTitles":["SPEC-006 跨 Agent 提问"],"fullName":"SPEC-006 跨 Agent 提问 AC-3.3.1 / AC-3.3.3: 问自己的资料——先检索再生成，答案带出处，且落一条日志","status":"passed","title":"AC-3.3.1 / AC-3.3.3: 问自己的资料——先检索再生成，答案带出处，且落一条日志","duration":1055.721417,"failureMessages":[],"meta":{},"tags":[]},{"ancestorTitles":["SPEC-006 跨 Agent 提问"],"fullName":"SPEC-006 跨 Agent 提问 AC-3.3.2: 自己资料里没有、也没指定问谁时，明确说「我的资料里没有」，⛔ 不编","status":"passed","title":"AC-3.3.2: 自己资料里没有、也没指定问谁时，明确说「我的资料里没有」，⛔ 不编","duration":350.8853330000002,"failureMessages":[],"meta":{},"tags":[]},{"ancestorTitles":["SPEC-006 跨 Agent 提问"],"fullName":"SPEC-006 跨 Agent 提问 AC-6.1.1 / AC-6.1.4 / AC-6.1.5: 指定问同事时，答案标注来源且日志记 was_cross_employee","status":"passed","title":"AC-6.1.1 / AC-6.1.4 / AC-6.1.5: 指定问同事时，答案标注来源且日志记 was_cross_employee","duration":669.031,"failureMessages":[],"meta":{},"tags":[]},{"ancestorTitles":["SPEC-006 跨 Agent 提问"],"fullName":"SPEC-006 跨 Agent 提问 AC-6.1.2: **负向**——同事没开开关的条目，跨人提问一个字都拿不到","status":"passed","title":"AC-6.1.2: **负向**——同事没开开关的条目，跨人提问一个字都拿不到","duration":510.031833,"failureMessages":[],"meta":{},"tags":[]},{"ancestorTitles":["SPEC-006 跨 Agent 提问"],"fullName":"SPEC-006 跨 Agent 提问 AC-6.1.3: 只允许一跳——hop 已经是 1 时再跨人直接被拒","status":"passed","title":"AC-6.1.3: 只允许一跳——hop 已经是 1 时再跨人直接被拒","duration":1.92962499999976,"failureMessages":[],"meta":{},"tags":[]},{"ancestorTitles":["SPEC-006 跨 Agent 提问"],"fullName":"SPEC-006 跨 Agent 提问 AC-6.1.1: 问一个不存在的同事，报可读错误而不是静默返回空","status":"passed","title":"AC-6.1.1: 问一个不存在的同事，报可读错误而不是静默返回空","duration":157.51695800000016,"failureMessages":[],"meta":{},"tags":[]},{"ancestorTitles":["SPEC-006 跨 Agent 提问"],"fullName":"SPEC-006 跨 Agent 提问 AC-6.2.1: 跨人提问记录能查到「谁问了谁、问了什么、拿到了什么」","status":"passed","title":"AC-6.2.1: 跨人提问记录能查到「谁问了谁、问了什么、拿到了什么」","duration":162.194708,"failureMessages":[],"meta":{},"tags":[]}],"startTime":1785430892647,"endTime":1785430895556.1948,"status":"passed","message":"","name":"/Users/superlls/personal/baton/tests/integration/cross-agent.test.ts"},{"assertionResults":[{"ancestorTitles":["SPEC-004 记忆条目抽取"],"fullName":"SPEC-004 记忆条目抽取 AC-4.1.1: 抽取产出的每条记忆都带 source_file_id 与 source_chunk_id","status":"passed","title":"AC-4.1.1: 抽取产出的每条记忆都带 source_file_id 与 source_chunk_id","duration":2762.6762500000004,"failureMessages":[],"meta":{},"tags":[]},{"ancestorTitles":["SPEC-004 记忆条目抽取"],"fullName":"SPEC-004 记忆条目抽取 AC-4.1.2: 每条记忆的分类都落在五类之内","status":"passed","title":"AC-4.1.2: 每条记忆的分类都落在五类之内","duration":447.1382080000003,"failureMessages":[],"meta":{},"tags":[]},{"ancestorTitles":["SPEC-004 记忆条目抽取"],"fullName":"SPEC-004 记忆条目抽取 AC-4.1.4: 重复抽取同一文件不产生重复条目","status":"passed","title":"AC-4.1.4: 重复抽取同一文件不产生重复条目","duration":1866.5956669999996,"failureMessages":[],"meta":{},"tags":[]},{"ancestorTitles":["SPEC-004 记忆条目抽取"],"fullName":"SPEC-004 记忆条目抽取 AC-4.1.3: LLM 返回不合 schema 时抛错且**一条都不写库**","status":"passed","title":"AC-4.1.3: LLM 返回不合 schema 时抛错且**一条都不写库**","duration":1779.6864160000005,"failureMessages":[],"meta":{},"tags":[]},{"ancestorTitles":["SPEC-004 记忆条目抽取"],"fullName":"SPEC-004 记忆条目抽取 AC-1.3.2: 拿别人的 fileId 去抽取被拒（不能借抽取绕开隔离）","status":"passed","title":"AC-1.3.2: 拿别人的 fileId 去抽取被拒（不能借抽取绕开隔离）","duration":500.9165410000005,"failureMessages":[],"meta":{},"tags":[]}],"startTime":1785430869047,"endTime":1785430876404.9165,"status":"passed","message":"","name":"/Users/superlls/personal/baton/tests/integration/extract.test.ts"},{"assertionResults":[{"ancestorTitles":["SPEC-005 交接流程"],"fullName":"SPEC-005 交接流程 AC-5.1.3: 默认勾选只包含 include_in_handover_default=true 的条目，included_by 标 default","status":"passed","title":"AC-5.1.3: 默认勾选只包含 include_in_handover_default=true 的条目，included_by 标 default","duration":2325.3436250000004,"failureMessages":[],"meta":{},"tags":[]},{"ancestorTitles":["SPEC-005 交接流程"],"fullName":"SPEC-005 交接流程 AC-5.1.3 / AC-5.1.4: 可以逐条增删，手动加的标 manual_add，重复添加不产生重复明细","status":"passed","title":"AC-5.1.3 / AC-5.1.4: 可以逐条增删，手动加的标 manual_add，重复添加不产生重复明细","duration":5450.198625000001,"failureMessages":[],"meta":{},"tags":[]},{"ancestorTitles":["SPEC-005 交接流程"],"fullName":"SPEC-005 交接流程 AC-5.2.1: 一条都没勾的交接单不能提交","status":"passed","title":"AC-5.2.1: 一条都没勾的交接单不能提交","duration":1692.0569999999989,"failureMessages":[],"meta":{},"tags":[]},{"ancestorTitles":["SPEC-005 交接流程"],"fullName":"SPEC-005 交接流程 AC-5.2.5: 三步进度按「已发起 → 对方已查看 → 对方已确认」依次点亮","status":"passed","title":"AC-5.2.5: 三步进度按「已发起 → 对方已查看 → 对方已确认」依次点亮","duration":5122.896165999999,"failureMessages":[],"meta":{},"tags":[]},{"ancestorTitles":["SPEC-005 交接流程"],"fullName":"SPEC-005 交接流程 AC-5.1.2 / AC-5.2.2: 只有发起人能提交、只有接手人能确认","status":"passed","title":"AC-5.1.2 / AC-5.2.2: 只有发起人能提交、只有接手人能确认","duration":3061.284208000001,"failureMessages":[],"meta":{},"tags":[]},{"ancestorTitles":["SPEC-005 交接流程"],"fullName":"SPEC-005 交接流程 AC-5.3.1: 记录查询返回谁交给谁、什么时候、交了几条几份","status":"passed","title":"AC-5.3.1: 记录查询返回谁交给谁、什么时候、交了几条几份","duration":172.6974999999984,"failureMessages":[],"meta":{},"tags":[]},{"ancestorTitles":["SPEC-005 交接流程"],"fullName":"SPEC-005 交接流程 AC-5.2.2: 还没提交的草稿单不能被确认","status":"passed","title":"AC-5.2.2: 还没提交的草稿单不能被确认","duration":1719.1119160000017,"failureMessages":[],"meta":{},"tags":[]},{"ancestorTitles":["SPEC-005 交接流程"],"fullName":"SPEC-005 交接流程 AC-5.2.3: 交接来的条目不能再转交给第三人","status":"passed","title":"AC-5.2.3: 交接来的条目不能再转交给第三人","duration":6441.276082999997,"failureMessages":[],"meta":{},"tags":[]}],"startTime":1785430816585,"endTime":1785430842571.2761,"status":"passed","message":"","name":"/Users/superlls/personal/baton/tests/integration/handover-flow.test.ts"},{"assertionResults":[{"ancestorTitles":["SPEC-005 交接的可见权边界"],"fullName":"SPEC-005 交接的可见权边界 AC-5.1.1 / AC-5.1.3: 发起后是 draft，且默认勾选了 include_in_handover_default=true 的条目","status":"passed","title":"AC-5.1.1 / AC-5.1.3: 发起后是 draft，且默认勾选了 include_in_handover_default=true 的条目","duration":2071.0543340000004,"failureMessages":[],"meta":{},"tags":[]},{"ancestorTitles":["SPEC-005 交接的可见权边界"],"fullName":"SPEC-005 交接的可见权边界 AC-5.1.4 / AC-5.1.5: 能勾原始文件，预览按类型分组给出接手人会看到什么","status":"passed","title":"AC-5.1.4 / AC-5.1.5: 能勾原始文件，预览按类型分组给出接手人会看到什么","duration":1154.908708,"failureMessages":[],"meta":{},"tags":[]},{"ancestorTitles":["SPEC-005 交接的可见权边界"],"fullName":"SPEC-005 交接的可见权边界 AC-5.2.1 / AC-3.2.3: 提交后仍是 submitted，接手人**一条都看不到**","status":"passed","title":"AC-5.2.1 / AC-3.2.3: 提交后仍是 submitted，接手人**一条都看不到**","duration":2417.7975420000002,"failureMessages":[],"meta":{},"tags":[]},{"ancestorTitles":["SPEC-005 交接的可见权边界"],"fullName":"SPEC-005 交接的可见权边界 AC-5.2.2 / AC-3.2.2: 接手人确认后，勾了的能看到，且标注了「来源：<前任> 交接」","status":"passed","title":"AC-5.2.2 / AC-3.2.2: 接手人确认后，勾了的能看到，且标注了「来源：<前任> 交接」","duration":3142.7375420000008,"failureMessages":[],"meta":{},"tags":[]},{"ancestorTitles":["SPEC-005 交接的可见权边界"],"fullName":"SPEC-005 交接的可见权边界 AC-5.2.4: **负向**——没勾的内容，交接完成后接手人依然看不到","status":"passed","title":"AC-5.2.4: **负向**——没勾的内容，交接完成后接手人依然看不到","duration":2408.8117500000008,"failureMessages":[],"meta":{},"tags":[]},{"ancestorTitles":["SPEC-005 交接的可见权边界"],"fullName":"SPEC-005 交接的可见权边界 AC-5.2.3: 交接完成后，被交接内容的 owner_employee_id **完全没变**","status":"passed","title":"AC-5.2.3: 交接完成后，被交接内容的 owner_employee_id **完全没变**","duration":502.01158300000134,"failureMessages":[],"meta":{},"tags":[]},{"ancestorTitles":["SPEC-005 交接的可见权边界"],"fullName":"SPEC-005 交接的可见权边界 AC-5.3.3: 已完成的交接单不能再改明细（记录只增不改）","status":"passed","title":"AC-5.3.3: 已完成的交接单不能再改明细（记录只增不改）","duration":337.6830829999999,"failureMessages":[],"meta":{},"tags":[]},{"ancestorTitles":["SPEC-005 交接的可见权边界"],"fullName":"SPEC-005 交接的可见权边界 AC-5.3.2: 离职原因的交接完成后，未交接内容被标「已随账号封存」而**不是删除**","status":"passed","title":"AC-5.3.2: 离职原因的交接完成后，未交接内容被标「已随账号封存」而**不是删除**","duration":854.847416999999,"failureMessages":[],"meta":{},"tags":[]},{"ancestorTitles":["SPEC-005 交接的可见权边界"],"fullName":"SPEC-005 交接的可见权边界 AC-5.1.2: 交给自己会被拒绝","status":"passed","title":"AC-5.1.2: 交给自己会被拒绝","duration":0.5828329999985726,"failureMessages":[],"meta":{},"tags":[]},{"ancestorTitles":["SPEC-005 交接的可见权边界"],"fullName":"SPEC-005 交接的可见权边界 AC-5.2.2: 与这张单无关的第三人既看不到详情，也确认不了","status":"passed","title":"AC-5.2.2: 与这张单无关的第三人既看不到详情，也确认不了","duration":504.38958300000013,"failureMessages":[],"meta":{},"tags":[]}],"startTime":1785430847128,"endTime":1785430860525.3896,"status":"passed","message":"","name":"/Users/superlls/personal/baton/tests/integration/handover-scope.test.ts"},{"assertionResults":[{"ancestorTitles":["SPEC-002 摄取状态机"],"fullName":"SPEC-002 摄取状态机 AC-2.1.1: 建档后 parse_status 是 pending，总片数为 0","status":"passed","title":"AC-2.1.1: 建档后 parse_status 是 pending，总片数为 0","duration":200.04775000000018,"failureMessages":[],"meta":{},"tags":[]},{"ancestorTitles":["SPEC-002 摄取状态机"],"fullName":"SPEC-002 摄取状态机 AC-2.3.1: 状态严格按 pending → parsing → chunking → embedding → done 单向流转","status":"passed","title":"AC-2.3.1: 状态严格按 pending → parsing → chunking → embedding → done 单向流转","duration":9048.453958,"failureMessages":[],"meta":{},"tags":[]},{"ancestorTitles":["SPEC-002 摄取状态机"],"fullName":"SPEC-002 摄取状态机 AC-2.3.3: 同一份文件重复处理不产生重复 chunk","status":"passed","title":"AC-2.3.3: 同一份文件重复处理不产生重复 chunk","duration":13914.075625,"failureMessages":[],"meta":{},"tags":[]},{"ancestorTitles":["SPEC-002 摄取状态机"],"fullName":"SPEC-002 摄取状态机 AC-2.3.2: embedding 失败时 chunk 仍然留在库里、embedding 为 NULL，且可以补跑","status":"passed","title":"AC-2.3.2: embedding 失败时 chunk 仍然留在库里、embedding 为 NULL，且可以补跑","duration":10285.449917000002,"failureMessages":[],"meta":{},"tags":[]},{"ancestorTitles":["SPEC-002 摄取状态机"],"fullName":"SPEC-002 摄取状态机 AC-2.2.5: 疑似扫描件的 PDF 转 failed 并写明原因，⛔ 不许静默成功","status":"passed","title":"AC-2.2.5: 疑似扫描件的 PDF 转 failed 并写明原因，⛔ 不许静默成功","duration":2061.544958999999,"failureMessages":[],"meta":{},"tags":[]},{"ancestorTitles":["SPEC-002 摄取状态机"],"fullName":"SPEC-002 摄取状态机 AC-2.2.1: 走完整流程的真 PDF，切片带真页码，能被自己检索到","status":"passed","title":"AC-2.2.1: 走完整流程的真 PDF，切片带真页码，能被自己检索到","duration":7584.322875000005,"failureMessages":[],"meta":{},"tags":[]},{"ancestorTitles":["SPEC-002 摄取状态机"],"fullName":"SPEC-002 摄取状态机 AC-2.3.2: 单条 chunk 连续失败 5 次后标 failed，⛔ 不卡死整份文件","status":"passed","title":"AC-2.3.2: 单条 chunk 连续失败 5 次后标 failed，⛔ 不卡死整份文件","duration":5016.860832999999,"failureMessages":[],"meta":{},"tags":[]}],"startTime":1785430765760,"endTime":1785430813872.8608,"status":"passed","message":"","name":"/Users/superlls/personal/baton/tests/integration/ingest-state.test.ts"},{"assertionResults":[{"ancestorTitles":["SPEC-001/003 跨人数据隔离"],"fullName":"SPEC-001/003 跨人数据隔离 AC-1.3.1: 员工 A 的文件列表里不含任何员工 B 的文件","status":"passed","title":"AC-1.3.1: 员工 A 的文件列表里不含任何员工 B 的文件","duration":750.9460830000003,"failureMessages":[],"meta":{},"tags":[]},{"ancestorTitles":["SPEC-001/003 跨人数据隔离"],"fullName":"SPEC-001/003 跨人数据隔离 AC-1.3.1: 员工 A 的记忆条目列表里不含任何员工 B 的条目，即使那条开了 visible_to_colleagues","status":"passed","title":"AC-1.3.1: 员工 A 的记忆条目列表里不含任何员工 B 的条目，即使那条开了 visible_to_colleagues","duration":349.8955000000001,"failureMessages":[],"meta":{},"tags":[]},{"ancestorTitles":["SPEC-001/003 跨人数据隔离"],"fullName":"SPEC-001/003 跨人数据隔离 AC-1.3.2: A 显式拿 B 的 fileId 去查，返回 403 而不是数据","status":"passed","title":"AC-1.3.2: A 显式拿 B 的 fileId 去查，返回 403 而不是数据","duration":686.4902920000004,"failureMessages":[],"meta":{},"tags":[]},{"ancestorTitles":["SPEC-001/003 跨人数据隔离"],"fullName":"SPEC-001/003 跨人数据隔离 AC-1.3.2: A 显式拿 B 的 memoryId 去查，返回 403 而不是数据","status":"passed","title":"AC-1.3.2: A 显式拿 B 的 memoryId 去查，返回 403 而不是数据","duration":351.99199999999973,"failureMessages":[],"meta":{},"tags":[]},{"ancestorTitles":["SPEC-001/003 跨人数据隔离"],"fullName":"SPEC-001/003 跨人数据隔离 AC-1.3.2: A 拿 B 的 fileId 去要切片，同样被拒","status":"passed","title":"AC-1.3.2: A 拿 B 的 fileId 去要切片，同样被拒","duration":347.0587089999999,"failureMessages":[],"meta":{},"tags":[]},{"ancestorTitles":["SPEC-001/003 跨人数据隔离"],"fullName":"SPEC-001/003 跨人数据隔离 AC-3.2.1: A 检索 B 独有的关键词，一条都搜不到","status":"passed","title":"AC-3.2.1: A 检索 B 独有的关键词，一条都搜不到","duration":260.26316699999916,"failureMessages":[],"meta":{},"tags":[]},{"ancestorTitles":["SPEC-001/003 跨人数据隔离"],"fullName":"SPEC-001/003 跨人数据隔离 AC-3.2.1: 反过来 B 也搜不到 A 独有的关键词（隔离是双向的）","status":"passed","title":"AC-3.2.1: 反过来 B 也搜不到 A 独有的关键词（隔离是双向的）","duration":284.2040420000003,"failureMessages":[],"meta":{},"tags":[]},{"ancestorTitles":["SPEC-001/003 跨人数据隔离"],"fullName":"SPEC-001/003 跨人数据隔离 AC-1.3.1: A 只能改自己的记忆条目，改 B 的直接 403","status":"passed","title":"AC-1.3.1: A 只能改自己的记忆条目，改 B 的直接 403","duration":171.42062500000065,"failureMessages":[],"meta":{},"tags":[]}],"startTime":1785430898915,"endTime":1785430902119.4207,"status":"passed","message":"","name":"/Users/superlls/personal/baton/tests/integration/isolation.test.ts"},{"assertionResults":[{"ancestorTitles":["SPEC-004 记忆条目编辑与开关"],"fullName":"SPEC-004 记忆条目编辑与开关 AC-4.2.1: 改正文后持久化，且 updated_at 变新","status":"passed","title":"AC-4.2.1: 改正文后持久化，且 updated_at 变新","duration":1840.723833,"failureMessages":[],"meta":{},"tags":[]},{"ancestorTitles":["SPEC-004 记忆条目编辑与开关"],"fullName":"SPEC-004 记忆条目编辑与开关 AC-4.2.2: 三个开关各自独立，切换后立即持久化","status":"passed","title":"AC-4.2.2: 三个开关各自独立，切换后立即持久化","duration":1191.510625,"failureMessages":[],"meta":{},"tags":[]},{"ancestorTitles":["SPEC-004 记忆条目编辑与开关"],"fullName":"SPEC-004 记忆条目编辑与开关 AC-4.2.3: is_editable=false 时，**服务端**拒绝改正文（前端拦截不算数）","status":"passed","title":"AC-4.2.3: is_editable=false 时，**服务端**拒绝改正文（前端拦截不算数）","duration":508.8810410000001,"failureMessages":[],"meta":{},"tags":[]},{"ancestorTitles":["SPEC-004 记忆条目编辑与开关"],"fullName":"SPEC-004 记忆条目编辑与开关 AC-4.2.3: 锁定状态下仍可以切换开关本身（否则就永远解不开锁了）","status":"passed","title":"AC-4.2.3: 锁定状态下仍可以切换开关本身（否则就永远解不开锁了）","duration":1001.3173750000005,"failureMessages":[],"meta":{},"tags":[]},{"ancestorTitles":["SPEC-004 记忆条目编辑与开关"],"fullName":"SPEC-004 记忆条目编辑与开关 AC-4.2.4: 按类型筛选只返回该类型的条目","status":"passed","title":"AC-4.2.4: 按类型筛选只返回该类型的条目","duration":1012.4250419999998,"failureMessages":[],"meta":{},"tags":[]}],"startTime":1785430878520,"endTime":1785430884076.425,"status":"passed","message":"","name":"/Users/superlls/personal/baton/tests/integration/memory-edit.test.ts"},{"assertionResults":[{"ancestorTitles":["SPEC-002 PDF 解析"],"fullName":"SPEC-002 PDF 解析 AC-2.2.1: 逐页提取，chunk 的 page_no 是真实页码且不跨页","status":"passed","title":"AC-2.2.1: 逐页提取，chunk 的 page_no 是真实页码且不跨页","duration":41.6815,"failureMessages":[],"meta":{},"tags":[]},{"ancestorTitles":["SPEC-002 PDF 解析"],"fullName":"SPEC-002 PDF 解析 AC-2.2.5: 没有文字层的 PDF 被判定为扫描件，⛔ 不许静默成功","status":"passed","title":"AC-2.2.5: 没有文字层的 PDF 被判定为扫描件，⛔ 不许静默成功","duration":1.0509999999999877,"failureMessages":[],"meta":{},"tags":[]},{"ancestorTitles":["SPEC-002 docx 解析"],"fullName":"SPEC-002 docx 解析 AC-2.2.2: page_no 为空但 page_label 必有值，且 heading_path 反映章节层级","status":"passed","title":"AC-2.2.2: page_no 为空但 page_label 必有值，且 heading_path 反映章节层级","duration":14.295709000000016,"failureMessages":[],"meta":{},"tags":[]},{"ancestorTitles":["SPEC-002 xlsx 解析"],"fullName":"SPEC-002 xlsx 解析 AC-2.2.3: page_label 是「Sheet名!行区间」，且每个单元都带表头行","status":"passed","title":"AC-2.2.3: page_label 是「Sheet名!行区间」，且每个单元都带表头行","duration":12.48029200000002,"failureMessages":[],"meta":{},"tags":[]},{"ancestorTitles":["SPEC-002 txt/md 解析"],"fullName":"SPEC-002 txt/md 解析 AC-2.2.2: markdown 按标题分节，每节的 page_label 是标题本身","status":"passed","title":"AC-2.2.2: markdown 按标题分节，每节的 page_label 是标题本身","duration":0.4584169999999972,"failureMessages":[],"meta":{},"tags":[]}],"startTime":1785430903635,"endTime":1785430903704.4802,"status":"passed","message":"","name":"/Users/superlls/personal/baton/tests/integration/parse.test.ts"},{"assertionResults":[{"ancestorTitles":["SPEC-003 混合检索"],"fullName":"SPEC-003 混合检索 AC-3.1.1: 搜一个中文客户名能命中，且是靠模糊那一路（查询向量与目标无关）","status":"passed","title":"AC-3.1.1: 搜一个中文客户名能命中，且是靠模糊那一路（查询向量与目标无关）","duration":776.8214170000001,"failureMessages":[],"meta":{},"tags":[]},{"ancestorTitles":["SPEC-003 混合检索"],"fullName":"SPEC-003 混合检索 AC-3.1.4: 每条结果都带得住的出处（文件名 + page_label），第 2 页的内容标的就是第 2 页","status":"passed","title":"AC-3.1.4: 每条结果都带得住的出处（文件名 + page_label），第 2 页的内容标的就是第 2 页","duration":513.344834,"failureMessages":[],"meta":{},"tags":[]},{"ancestorTitles":["SPEC-003 混合检索"],"fullName":"SPEC-003 混合检索 AC-3.1.2: 结果按 RRF 融合分严格降序返回","status":"passed","title":"AC-3.1.2: 结果按 RRF 融合分严格降序返回","duration":655.0572499999998,"failureMessages":[],"meta":{},"tags":[]},{"ancestorTitles":["SPEC-003 混合检索"],"fullName":"SPEC-003 混合检索 AC-3.1.3: 2 个字的短查询不返回空（子串兜底必须生效）","status":"passed","title":"AC-3.1.3: 2 个字的短查询不返回空（子串兜底必须生效）","duration":511.3890409999999,"failureMessages":[],"meta":{},"tags":[]},{"ancestorTitles":["SPEC-003 混合检索"],"fullName":"SPEC-003 混合检索 AC-3.1.1: 记忆条目和文档切片都会被召回，两类结果能同时出现","status":"passed","title":"AC-3.1.1: 记忆条目和文档切片都会被召回，两类结果能同时出现","duration":539.3635829999998,"failureMessages":[],"meta":{},"tags":[]},{"ancestorTitles":["SPEC-003 混合检索"],"fullName":"SPEC-003 混合检索 AC-3.3.2: 搜一个库里根本没有的词，返回空数组而不是硬凑结果","status":"passed","title":"AC-3.3.2: 搜一个库里根本没有的词，返回空数组而不是硬凑结果","duration":262.29812500000025,"failureMessages":[],"meta":{},"tags":[]}],"startTime":1785430886721,"endTime":1785430889981.298,"status":"passed","message":"","name":"/Users/superlls/personal/baton/tests/integration/search.test.ts"}],"coverageMap":{"/Users/superlls/personal/baton/lib/chunk.ts":{"path":"/Users/superlls/personal/baton/lib/chunk.ts","statementMap":{"0":{"start":{"line":9,"column":25},"end":{"line":9,"column":null}},"1":{"start":{"line":10,"column":25},"end":{"line":10,"column":null}},"2":{"start":{"line":12,"column":29},"end":{"line":12,"column":null}},"3":{"start":{"line":36,"column":17},"end":{"line":36,"column":null}},"4":{"start":{"line":43,"column":21},"end":{"line":43,"column":null}},"5":{"start":{"line":44,"column":2},"end":{"line":44,"column":null}},"6":{"start":{"line":44,"column":30},"end":{"line":44,"column":null}},"7":{"start":{"line":45,"column":2},"end":{"line":48,"column":null}},"8":{"start":{"line":46,"column":16},"end":{"line":46,"column":null}},"9":{"start":{"line":47,"column":4},"end":{"line":47,"column":null}},"10":{"start":{"line":47,"column":26},"end":{"line":47,"column":null}},"11":{"start":{"line":49,"column":2},"end":{"line":49,"column":null}},"12":{"start":{"line":60,"column":15},"end":{"line":60,"column":null}},"13":{"start":{"line":61,"column":2},"end":{"line":61,"column":null}},"14":{"start":{"line":61,"column":13},"end":{"line":61,"column":null}},"15":{"start":{"line":63,"column":43},"end":{"line":67,"column":null}},"16":{"start":{"line":68,"column":2},"end":{"line":68,"column":null}},"17":{"start":{"line":68,"column":32},"end":{"line":68,"column":null}},"18":{"start":{"line":70,"column":18},"end":{"line":70,"column":null}},"19":{"start":{"line":71,"column":29},"end":{"line":71,"column":null}},"20":{"start":{"line":72,"column":15},"end":{"line":72,"column":null}},"21":{"start":{"line":74,"column":2},"end":{"line":85,"column":null}},"22":{"start":{"line":75,"column":20},"end":{"line":75,"column":null}},"23":{"start":{"line":76,"column":16},"end":{"line":76,"column":null}},"24":{"start":{"line":77,"column":18},"end":{"line":77,"column":null}},"25":{"start":{"line":78,"column":4},"end":{"line":78,"column":null}},"26":{"start":{"line":78,"column":15},"end":{"line":78,"column":null}},"27":{"start":{"line":80,"column":4},"end":{"line":80,"column":null}},"28":{"start":{"line":80,"column":28},"end":{"line":80,"column":null}},"29":{"start":{"line":83,"column":17},"end":{"line":83,"column":null}},"30":{"start":{"line":84,"column":4},"end":{"line":84,"column":null}},"31":{"start":{"line":86,"column":2},"end":{"line":86,"column":null}},"32":{"start":{"line":91,"column":27},"end":{"line":91,"column":null}},"33":{"start":{"line":92,"column":2},"end":{"line":107,"column":null}},"34":{"start":{"line":93,"column":4},"end":{"line":106,"column":null}},"35":{"start":{"line":98,"column":19},"end":{"line":98,"column":null}},"36":{"start":{"line":99,"column":6},"end":{"line":99,"column":null}},"37":{"start":{"line":99,"column":17},"end":{"line":99,"column":null}},"38":{"start":{"line":100,"column":6},"end":{"line":105,"column":null}},"39":{"start":{"line":108,"column":2},"end":{"line":108,"column":null}}},"fnMap":{"0":{"name":"findBreak","decl":{"start":{"line":42,"column":9},"end":{"line":42,"column":19}},"loc":{"start":{"line":42,"column":72},"end":{"line":50,"column":null}},"line":42},"1":{"name":"chunkUnit","decl":{"start":{"line":56,"column":16},"end":{"line":56,"column":null}},"loc":{"start":{"line":59,"column":15},"end":{"line":87,"column":null}},"line":59},"2":{"name":"chunkUnits","decl":{"start":{"line":90,"column":16},"end":{"line":90,"column":27}},"loc":{"start":{"line":90,"column":60},"end":{"line":109,"column":null}},"line":90}},"branchMap":{"0":{"loc":{"start":{"line":44,"column":2},"end":{"line":44,"column":null}},"type":"if","locations":[{"start":{"line":44,"column":2},"end":{"line":44,"column":null}},{"start":{},"end":{}}],"line":44},"1":{"loc":{"start":{"line":47,"column":4},"end":{"line":47,"column":null}},"type":"if","locations":[{"start":{"line":47,"column":4},"end":{"line":47,"column":null}},{"start":{},"end":{}}],"line":47},"2":{"loc":{"start":{"line":61,"column":2},"end":{"line":61,"column":null}},"type":"if","locations":[{"start":{"line":61,"column":2},"end":{"line":61,"column":null}},{"start":{},"end":{}}],"line":61},"3":{"loc":{"start":{"line":66,"column":17},"end":{"line":66,"column":null}},"type":"binary-expr","locations":[{"start":{"line":66,"column":17},"end":{"line":66,"column":37}},{"start":{"line":66,"column":37},"end":{"line":66,"column":null}}],"line":66},"4":{"loc":{"start":{"line":68,"column":2},"end":{"line":68,"column":null}},"type":"if","locations":[{"start":{"line":68,"column":2},"end":{"line":68,"column":null}},{"start":{},"end":{}}],"line":68},"5":{"loc":{"start":{"line":78,"column":4},"end":{"line":78,"column":null}},"type":"if","locations":[{"start":{"line":78,"column":4},"end":{"line":78,"column":null}},{"start":{},"end":{}}],"line":78},"6":{"loc":{"start":{"line":80,"column":4},"end":{"line":80,"column":null}},"type":"if","locations":[{"start":{"line":80,"column":4},"end":{"line":80,"column":null}},{"start":{},"end":{}}],"line":80},"7":{"loc":{"start":{"line":96,"column":19},"end":{"line":96,"column":null}},"type":"binary-expr","locations":[{"start":{"line":96,"column":19},"end":{"line":96,"column":36}},{"start":{"line":96,"column":36},"end":{"line":96,"column":null}}],"line":96},"8":{"loc":{"start":{"line":99,"column":6},"end":{"line":99,"column":null}},"type":"if","locations":[{"start":{"line":99,"column":6},"end":{"line":99,"column":null}},{"start":{},"end":{}}],"line":99}},"s":{"0":4,"1":4,"2":4,"3":4,"4":15,"5":15,"6":5,"7":10,"8":20,"9":20,"10":10,"11":0,"12":36,"13":36,"14":1,"15":35,"16":36,"17":30,"18":5,"19":5,"20":5,"21":5,"22":15,"23":15,"24":15,"25":15,"26":15,"27":15,"28":5,"29":10,"30":10,"31":5,"32":11,"33":11,"34":34,"35":36,"36":36,"37":0,"38":36,"39":11},"f":{"0":15,"1":36,"2":11},"b":{"0":[5,10],"1":[10,10],"2":[1,35],"3":[35,14],"4":[30,6],"5":[15,0],"6":[5,10],"7":[34,13],"8":[0,36]},"meta":{"lastBranch":9,"lastFunction":3,"lastStatement":40,"seen":{"s:9:25:9:Infinity":0,"s:10:25:10:Infinity":1,"s:12:29:12:Infinity":2,"s:36:17:36:Infinity":3,"f:42:9:42:19":0,"s:43:21:43:Infinity":4,"b:44:2:44:Infinity:undefined:undefined:undefined:undefined":0,"s:44:2:44:Infinity":5,"s:44:30:44:Infinity":6,"s:45:2:48:Infinity":7,"s:46:16:46:Infinity":8,"b:47:4:47:Infinity:undefined:undefined:undefined:undefined":1,"s:47:4:47:Infinity":9,"s:47:26:47:Infinity":10,"s:49:2:49:Infinity":11,"f:56:16:56:Infinity":1,"s:60:15:60:Infinity":12,"b:61:2:61:Infinity:undefined:undefined:undefined:undefined":2,"s:61:2:61:Infinity":13,"s:61:13:61:Infinity":14,"s:63:43:67:Infinity":15,"b:66:17:66:37:66:37:66:Infinity":3,"b:68:2:68:Infinity:undefined:undefined:undefined:undefined":4,"s:68:2:68:Infinity":16,"s:68:32:68:Infinity":17,"s:70:18:70:Infinity":18,"s:71:29:71:Infinity":19,"s:72:15:72:Infinity":20,"s:74:2:85:Infinity":21,"s:75:20:75:Infinity":22,"s:76:16:76:Infinity":23,"s:77:18:77:Infinity":24,"b:78:4:78:Infinity:undefined:undefined:undefined:undefined":5,"s:78:4:78:Infinity":25,"s:78:15:78:Infinity":26,"b:80:4:80:Infinity:undefined:undefined:undefined:undefined":6,"s:80:4:80:Infinity":27,"s:80:28:80:Infinity":28,"s:83:17:83:Infinity":29,"s:84:4:84:Infinity":30,"s:86:2:86:Infinity":31,"f:90:16:90:27":2,"s:91:27:91:Infinity":32,"s:92:2:107:Infinity":33,"s:93:4:106:Infinity":34,"b:96:19:96:36:96:36:96:Infinity":7,"s:98:19:98:Infinity":35,"b:99:6:99:Infinity:undefined:undefined:undefined:undefined":8,"s:99:6:99:Infinity":36,"s:99:17:99:Infinity":37,"s:100:6:105:Infinity":38,"s:108:2:108:Infinity":39},"fnNames":{}}},"/Users/superlls/personal/baton/lib/embed.ts":{"path":"/Users/superlls/personal/baton/lib/embed.ts","statementMap":{"0":{"start":{"line":4,"column":32},"end":{"line":4,"column":null}},"1":{"start":{"line":9,"column":2},"end":{"line":9,"column":null}},"2":{"start":{"line":9,"column":21},"end":{"line":9,"column":null}},"3":{"start":{"line":10,"column":15},"end":{"line":10,"column":null}},"4":{"start":{"line":11,"column":14},"end":{"line":11,"column":null}},"5":{"start":{"line":12,"column":16},"end":{"line":12,"column":null}},"6":{"start":{"line":13,"column":2},"end":{"line":13,"column":null}},"7":{"start":{"line":13,"column":21},"end":{"line":13,"column":null}},"8":{"start":{"line":16,"column":2},"end":{"line":39,"column":null}},"9":{"start":{"line":16,"column":21},"end":{"line":16,"column":24}},"10":{"start":{"line":17,"column":4},"end":{"line":38,"column":null}},"11":{"start":{"line":18,"column":18},"end":{"line":22,"column":null}},"12":{"start":{"line":24,"column":6},"end":{"line":24,"column":null}},"13":{"start":{"line":24,"column":51},"end":{"line":24,"column":null}},"14":{"start":{"line":25,"column":6},"end":{"line":30,"column":null}},"15":{"start":{"line":26,"column":18},"end":{"line":26,"column":null}},"16":{"start":{"line":27,"column":8},"end":{"line":29,"column":null}},"17":{"start":{"line":31,"column":20},"end":{"line":31,"column":null}},"18":{"start":{"line":32,"column":6},"end":{"line":32,"column":null}},"19":{"start":{"line":32,"column":34},"end":{"line":32,"column":45}},"20":{"start":{"line":34,"column":6},"end":{"line":34,"column":null}},"21":{"start":{"line":35,"column":6},"end":{"line":35,"column":null}},"22":{"start":{"line":35,"column":79},"end":{"line":35,"column":null}},"23":{"start":{"line":37,"column":6},"end":{"line":37,"column":null}},"24":{"start":{"line":37,"column":31},"end":{"line":37,"column":97}},"25":{"start":{"line":40,"column":2},"end":{"line":40,"column":null}}},"fnMap":{"0":{"name":"embedBatch","decl":{"start":{"line":8,"column":22},"end":{"line":8,"column":33}},"loc":{"start":{"line":8,"column":71},"end":{"line":41,"column":null}},"line":8},"1":{"name":"(anonymous_1)","decl":{"start":{"line":32,"column":23},"end":{"line":32,"column":28}},"loc":{"start":{"line":32,"column":34},"end":{"line":32,"column":45}},"line":32},"2":{"name":"(anonymous_2)","decl":{"start":{"line":37,"column":16},"end":{"line":37,"column":25}},"loc":{"start":{"line":37,"column":31},"end":{"line":37,"column":97}},"line":37}},"branchMap":{"0":{"loc":{"start":{"line":9,"column":2},"end":{"line":9,"column":null}},"type":"if","locations":[{"start":{"line":9,"column":2},"end":{"line":9,"column":null}},{"start":{},"end":{}}],"line":9},"1":{"loc":{"start":{"line":12,"column":16},"end":{"line":12,"column":null}},"type":"binary-expr","locations":[{"start":{"line":12,"column":16},"end":{"line":12,"column":47}},{"start":{"line":12,"column":47},"end":{"line":12,"column":null}}],"line":12},"2":{"loc":{"start":{"line":13,"column":2},"end":{"line":13,"column":null}},"type":"if","locations":[{"start":{"line":13,"column":2},"end":{"line":13,"column":null}},{"start":{},"end":{}}],"line":13},"3":{"loc":{"start":{"line":13,"column":6},"end":{"line":13,"column":21}},"type":"binary-expr","locations":[{"start":{"line":13,"column":6},"end":{"line":13,"column":15}},{"start":{"line":13,"column":15},"end":{"line":13,"column":21}}],"line":13},"4":{"loc":{"start":{"line":24,"column":6},"end":{"line":24,"column":null}},"type":"if","locations":[{"start":{"line":24,"column":6},"end":{"line":24,"column":null}},{"start":{},"end":{}}],"line":24},"5":{"loc":{"start":{"line":24,"column":10},"end":{"line":24,"column":51}},"type":"binary-expr","locations":[{"start":{"line":24,"column":10},"end":{"line":24,"column":32}},{"start":{"line":24,"column":32},"end":{"line":24,"column":51}}],"line":24},"6":{"loc":{"start":{"line":25,"column":6},"end":{"line":30,"column":null}},"type":"if","locations":[{"start":{"line":25,"column":6},"end":{"line":30,"column":null}},{"start":{},"end":{}}],"line":25},"7":{"loc":{"start":{"line":35,"column":6},"end":{"line":35,"column":null}},"type":"if","locations":[{"start":{"line":35,"column":6},"end":{"line":35,"column":null}},{"start":{},"end":{}}],"line":35},"8":{"loc":{"start":{"line":35,"column":11},"end":{"line":35,"column":79}},"type":"binary-expr","locations":[{"start":{"line":35,"column":11},"end":{"line":35,"column":64}},{"start":{"line":35,"column":64},"end":{"line":35,"column":79}}],"line":35}},"s":{"0":4,"1":0,"2":0,"3":0,"4":0,"5":0,"6":0,"7":0,"8":0,"9":0,"10":0,"11":0,"12":0,"13":0,"14":0,"15":0,"16":0,"17":0,"18":0,"19":0,"20":0,"21":0,"22":0,"23":0,"24":0,"25":0},"f":{"0":0,"1":0,"2":0},"b":{"0":[0,0],"1":[0,0],"2":[0,0],"3":[0,0],"4":[0,0],"5":[0,0],"6":[0,0],"7":[0,0],"8":[0,0]},"meta":{"lastBranch":9,"lastFunction":3,"lastStatement":26,"seen":{"s:4:32:4:Infinity":0,"f:8:22:8:33":0,"b:9:2:9:Infinity:undefined:undefined:undefined:undefined":0,"s:9:2:9:Infinity":1,"s:9:21:9:Infinity":2,"s:10:15:10:Infinity":3,"s:11:14:11:Infinity":4,"s:12:16:12:Infinity":5,"b:12:16:12:47:12:47:12:Infinity":1,"b:13:2:13:Infinity:undefined:undefined:undefined:undefined":2,"s:13:2:13:Infinity":6,"b:13:6:13:15:13:15:13:21":3,"s:13:21:13:Infinity":7,"s:16:2:39:Infinity":8,"s:16:21:16:24":9,"s:17:4:38:Infinity":10,"s:18:18:22:Infinity":11,"b:24:6:24:Infinity:undefined:undefined:undefined:undefined":4,"s:24:6:24:Infinity":12,"b:24:10:24:32:24:32:24:51":5,"s:24:51:24:Infinity":13,"b:25:6:30:Infinity:undefined:undefined:undefined:undefined":6,"s:25:6:30:Infinity":14,"s:26:18:26:Infinity":15,"s:27:8:29:Infinity":16,"s:31:20:31:Infinity":17,"s:32:6:32:Infinity":18,"f:32:23:32:28":1,"s:32:34:32:45":19,"s:34:6:34:Infinity":20,"b:35:6:35:Infinity:undefined:undefined:undefined:undefined":7,"s:35:6:35:Infinity":21,"b:35:11:35:64:35:64:35:79":8,"s:35:79:35:Infinity":22,"s:37:6:37:Infinity":23,"f:37:16:37:25":2,"s:37:31:37:97":24,"s:40:2:40:Infinity":25},"fnNames":{}}},"/Users/superlls/personal/baton/lib/normalize.ts":{"path":"/Users/superlls/personal/baton/lib/normalize.ts","statementMap":{"0":{"start":{"line":5,"column":22},"end":{"line":5,"column":null}},"1":{"start":{"line":9,"column":2},"end":{"line":11,"column":null}},"2":{"start":{"line":10,"column":31},"end":{"line":10,"column":77}},"3":{"start":{"line":19,"column":2},"end":{"line":23,"column":null}},"4":{"start":{"line":32,"column":2},"end":{"line":38,"column":null}}},"fnMap":{"0":{"name":"toHalfWidth","decl":{"start":{"line":8,"column":16},"end":{"line":8,"column":28}},"loc":{"start":{"line":8,"column":51},"end":{"line":12,"column":null}},"line":8},"1":{"name":"(anonymous_1)","decl":{"start":{"line":10,"column":13},"end":{"line":10,"column":24}},"loc":{"start":{"line":10,"column":31},"end":{"line":10,"column":77}},"line":10},"2":{"name":"normalizeText","decl":{"start":{"line":18,"column":16},"end":{"line":18,"column":30}},"loc":{"start":{"line":18,"column":53},"end":{"line":24,"column":null}},"line":18},"3":{"name":"cleanForDisplay","decl":{"start":{"line":31,"column":16},"end":{"line":31,"column":32}},"loc":{"start":{"line":31,"column":55},"end":{"line":39,"column":null}},"line":31}},"branchMap":{},"s":{"0":11,"1":53,"2":47,"3":49,"4":27},"f":{"0":53,"1":47,"2":49,"3":27},"b":{},"meta":{"lastBranch":0,"lastFunction":4,"lastStatement":5,"seen":{"s:5:22:5:Infinity":0,"f:8:16:8:28":0,"s:9:2:11:Infinity":1,"f:10:13:10:24":1,"s:10:31:10:77":2,"f:18:16:18:30":2,"s:19:2:23:Infinity":3,"f:31:16:31:32":3,"s:32:2:38:Infinity":4},"fnNames":{}}},"/Users/superlls/personal/baton/lib/rrf.ts":{"path":"/Users/superlls/personal/baton/lib/rrf.ts","statementMap":{"0":{"start":{"line":7,"column":21},"end":{"line":7,"column":null}},"1":{"start":{"line":20,"column":14},"end":{"line":20,"column":null}},"2":{"start":{"line":22,"column":2},"end":{"line":35,"column":null}},"3":{"start":{"line":23,"column":4},"end":{"line":34,"column":null}},"4":{"start":{"line":24,"column":18},"end":{"line":24,"column":null}},"5":{"start":{"line":25,"column":19},"end":{"line":25,"column":null}},"6":{"start":{"line":26,"column":18},"end":{"line":26,"column":null}},"7":{"start":{"line":27,"column":18},"end":{"line":27,"column":null}},"8":{"start":{"line":28,"column":6},"end":{"line":33,"column":null}},"9":{"start":{"line":29,"column":8},"end":{"line":29,"column":null}},"10":{"start":{"line":32,"column":8},"end":{"line":32,"column":null}},"11":{"start":{"line":37,"column":2},"end":{"line":37,"column":null}},"12":{"start":{"line":37,"column":49},"end":{"line":37,"column":66}}},"fnMap":{"0":{"name":"rrfFuse","decl":{"start":{"line":19,"column":16},"end":{"line":19,"column":27}},"loc":{"start":{"line":19,"column":85},"end":{"line":38,"column":null}},"line":19},"1":{"name":"(anonymous_1)","decl":{"start":{"line":23,"column":9},"end":{"line":23,"column":18}},"loc":{"start":{"line":23,"column":30},"end":{"line":34,"column":5}},"line":23},"2":{"name":"(anonymous_2)","decl":{"start":{"line":37,"column":34},"end":{"line":37,"column":40}},"loc":{"start":{"line":37,"column":49},"end":{"line":37,"column":66}},"line":37}},"branchMap":{"0":{"loc":{"start":{"line":28,"column":6},"end":{"line":33,"column":null}},"type":"if","locations":[{"start":{"line":28,"column":6},"end":{"line":33,"column":null}},{"start":{"line":30,"column":13},"end":{"line":33,"column":null}}],"line":28}},"s":{"0":1,"1":5,"2":5,"3":8,"4":8,"5":8,"6":8,"7":8,"8":8,"9":3,"10":5,"11":5,"12":3},"f":{"0":5,"1":8,"2":3},"b":{"0":[3,5]},"meta":{"lastBranch":1,"lastFunction":3,"lastStatement":13,"seen":{"s:7:21:7:Infinity":0,"f:19:16:19:27":0,"s:20:14:20:Infinity":1,"s:22:2:35:Infinity":2,"s:23:4:34:Infinity":3,"f:23:9:23:18":1,"s:24:18:24:Infinity":4,"s:25:19:25:Infinity":5,"s:26:18:26:Infinity":6,"s:27:18:27:Infinity":7,"b:28:6:33:Infinity:30:13:33:Infinity":0,"s:28:6:33:Infinity":8,"s:29:8:29:Infinity":9,"s:32:8:32:Infinity":10,"s:37:2:37:Infinity":11,"f:37:34:37:40":2,"s:37:49:37:66":12},"fnNames":{}}},"/Users/superlls/personal/baton/lib/hub-auth.ts":{"path":"/Users/superlls/personal/baton/lib/hub-auth.ts","statementMap":{"0":{"start":{"line":5,"column":27},"end":{"line":5,"column":null}},"1":{"start":{"line":6,"column":34},"end":{"line":6,"column":null}},"2":{"start":{"line":7,"column":29},"end":{"line":7,"column":null}},"3":{"start":{"line":24,"column":2},"end":{"line":24,"column":null}},"4":{"start":{"line":24,"column":30},"end":{"line":24,"column":null}},"5":{"start":{"line":25,"column":19},"end":{"line":25,"column":null}},"6":{"start":{"line":26,"column":15},"end":{"line":26,"column":null}},"7":{"start":{"line":27,"column":2},"end":{"line":27,"column":null}},"8":{"start":{"line":27,"column":13},"end":{"line":27,"column":null}},"9":{"start":{"line":30,"column":2},"end":{"line":30,"column":null}},"10":{"start":{"line":30,"column":58},"end":{"line":30,"column":null}},"11":{"start":{"line":31,"column":2},"end":{"line":31,"column":null}},"12":{"start":{"line":35,"column":2},"end":{"line":37,"column":null}},"13":{"start":{"line":36,"column":16},"end":{"line":36,"column":47}},"14":{"start":{"line":41,"column":2},"end":{"line":41,"column":null}},"15":{"start":{"line":41,"column":29},"end":{"line":41,"column":null}},"16":{"start":{"line":42,"column":13},"end":{"line":42,"column":null}},"17":{"start":{"line":43,"column":2},"end":{"line":43,"column":null}},"18":{"start":{"line":43,"column":15},"end":{"line":43,"column":18}},"19":{"start":{"line":43,"column":37},"end":{"line":43,"column":null}},"20":{"start":{"line":44,"column":2},"end":{"line":44,"column":null}},"21":{"start":{"line":48,"column":14},"end":{"line":48,"column":null}},"22":{"start":{"line":49,"column":14},"end":{"line":55,"column":null}},"23":{"start":{"line":56,"column":14},"end":{"line":56,"column":null}},"24":{"start":{"line":57,"column":2},"end":{"line":57,"column":null}},"25":{"start":{"line":61,"column":14},"end":{"line":61,"column":null}},"26":{"start":{"line":62,"column":14},"end":{"line":62,"column":null}},"27":{"start":{"line":63,"column":2},"end":{"line":63,"column":null}},"28":{"start":{"line":71,"column":2},"end":{"line":71,"column":null}},"29":{"start":{"line":71,"column":14},"end":{"line":71,"column":null}},"30":{"start":{"line":72,"column":14},"end":{"line":72,"column":null}},"31":{"start":{"line":73,"column":2},"end":{"line":73,"column":null}},"32":{"start":{"line":73,"column":16},"end":{"line":73,"column":null}},"33":{"start":{"line":74,"column":14},"end":{"line":74,"column":null}},"34":{"start":{"line":75,"column":14},"end":{"line":75,"column":null}},"35":{"start":{"line":76,"column":17},"end":{"line":76,"column":null}},"36":{"start":{"line":77,"column":2},"end":{"line":77,"column":null}},"37":{"start":{"line":77,"column":48},"end":{"line":77,"column":null}},"38":{"start":{"line":78,"column":19},"end":{"line":78,"column":null}},"39":{"start":{"line":79,"column":2},"end":{"line":79,"column":null}},"40":{"start":{"line":83,"column":2},"end":{"line":83,"column":null}},"41":{"start":{"line":83,"column":27},"end":{"line":83,"column":null}},"42":{"start":{"line":84,"column":2},"end":{"line":84,"column":null}}},"fnMap":{"0":{"name":"resolveCookieDomain","decl":{"start":{"line":20,"column":16},"end":{"line":20,"column":null}},"loc":{"start":{"line":23,"column":22},"end":{"line":32,"column":null}},"line":23},"1":{"name":"toHex","decl":{"start":{"line":34,"column":9},"end":{"line":34,"column":15}},"loc":{"start":{"line":34,"column":41},"end":{"line":38,"column":null}},"line":34},"2":{"name":"(anonymous_2)","decl":{"start":{"line":36,"column":5},"end":{"line":36,"column":10}},"loc":{"start":{"line":36,"column":16},"end":{"line":36,"column":47}},"line":36},"3":{"name":"timingSafeEqual","decl":{"start":{"line":40,"column":9},"end":{"line":40,"column":25}},"loc":{"start":{"line":40,"column":56},"end":{"line":45,"column":null}},"line":40},"4":{"name":"hmacHex","decl":{"start":{"line":47,"column":15},"end":{"line":47,"column":23}},"loc":{"start":{"line":47,"column":73},"end":{"line":58,"column":null}},"line":47},"5":{"name":"signToken","decl":{"start":{"line":60,"column":22},"end":{"line":60,"column":32}},"loc":{"start":{"line":60,"column":78},"end":{"line":64,"column":null}},"line":60},"6":{"name":"verifyToken","decl":{"start":{"line":66,"column":22},"end":{"line":66,"column":null}},"loc":{"start":{"line":70,"column":20},"end":{"line":80,"column":null}},"line":70},"7":{"name":"checkPassword","decl":{"start":{"line":82,"column":16},"end":{"line":82,"column":30}},"loc":{"start":{"line":82,"column":72},"end":{"line":85,"column":null}},"line":82}},"branchMap":{"0":{"loc":{"start":{"line":7,"column":29},"end":{"line":7,"column":null}},"type":"binary-expr","locations":[{"start":{"line":7,"column":29},"end":{"line":7,"column":62}},{"start":{"line":7,"column":62},"end":{"line":7,"column":null}}],"line":7},"1":{"loc":{"start":{"line":22,"column":2},"end":{"line":22,"column":null}},"type":"default-arg","locations":[{"start":{"line":22,"column":25},"end":{"line":22,"column":null}}],"line":22},"2":{"loc":{"start":{"line":24,"column":2},"end":{"line":24,"column":null}},"type":"if","locations":[{"start":{"line":24,"column":2},"end":{"line":24,"column":null}},{"start":{},"end":{}}],"line":24},"3":{"loc":{"start":{"line":24,"column":6},"end":{"line":24,"column":30}},"type":"binary-expr","locations":[{"start":{"line":24,"column":6},"end":{"line":24,"column":15}},{"start":{"line":24,"column":15},"end":{"line":24,"column":30}}],"line":24},"4":{"loc":{"start":{"line":27,"column":2},"end":{"line":27,"column":null}},"type":"if","locations":[{"start":{"line":27,"column":2},"end":{"line":27,"column":null}},{"start":{},"end":{}}],"line":27},"5":{"loc":{"start":{"line":30,"column":2},"end":{"line":30,"column":null}},"type":"if","locations":[{"start":{"line":30,"column":2},"end":{"line":30,"column":null}},{"start":{},"end":{}}],"line":30},"6":{"loc":{"start":{"line":30,"column":6},"end":{"line":30,"column":58}},"type":"binary-expr","locations":[{"start":{"line":30,"column":6},"end":{"line":30,"column":27}},{"start":{"line":30,"column":27},"end":{"line":30,"column":58}}],"line":30},"7":{"loc":{"start":{"line":41,"column":2},"end":{"line":41,"column":null}},"type":"if","locations":[{"start":{"line":41,"column":2},"end":{"line":41,"column":null}},{"start":{},"end":{}}],"line":41},"8":{"loc":{"start":{"line":71,"column":2},"end":{"line":71,"column":null}},"type":"if","locations":[{"start":{"line":71,"column":2},"end":{"line":71,"column":null}},{"start":{},"end":{}}],"line":71},"9":{"loc":{"start":{"line":73,"column":2},"end":{"line":73,"column":null}},"type":"if","locations":[{"start":{"line":73,"column":2},"end":{"line":73,"column":null}},{"start":{},"end":{}}],"line":73},"10":{"loc":{"start":{"line":77,"column":2},"end":{"line":77,"column":null}},"type":"if","locations":[{"start":{"line":77,"column":2},"end":{"line":77,"column":null}},{"start":{},"end":{}}],"line":77},"11":{"loc":{"start":{"line":77,"column":6},"end":{"line":77,"column":48}},"type":"binary-expr","locations":[{"start":{"line":77,"column":6},"end":{"line":77,"column":34}},{"start":{"line":77,"column":34},"end":{"line":77,"column":48}}],"line":77},"12":{"loc":{"start":{"line":83,"column":2},"end":{"line":83,"column":null}},"type":"if","locations":[{"start":{"line":83,"column":2},"end":{"line":83,"column":null}},{"start":{},"end":{}}],"line":83},"13":{"loc":{"start":{"line":83,"column":6},"end":{"line":83,"column":27}},"type":"binary-expr","locations":[{"start":{"line":83,"column":6},"end":{"line":83,"column":19}},{"start":{"line":83,"column":19},"end":{"line":83,"column":27}}],"line":83}},"s":{"0":1,"1":1,"2":1,"3":6,"4":1,"5":5,"6":5,"7":5,"8":0,"9":5,"10":2,"11":3,"12":5,"13":160,"14":5,"15":0,"16":5,"17":5,"18":5,"19":198,"20":5,"21":5,"22":5,"23":5,"24":5,"25":2,"26":2,"27":2,"28":7,"29":2,"30":5,"31":5,"32":1,"33":4,"34":4,"35":4,"36":4,"37":1,"38":3,"39":3,"40":4,"41":2,"42":2},"f":{"0":6,"1":5,"2":160,"3":5,"4":5,"5":2,"6":7,"7":4},"b":{"0":[1,1],"1":[6],"2":[1,5],"3":[6,5],"4":[0,5],"5":[2,3],"6":[5,4],"7":[0,5],"8":[2,5],"9":[1,4],"10":[1,3],"11":[4,4],"12":[2,2],"13":[4,3]},"meta":{"lastBranch":14,"lastFunction":8,"lastStatement":43,"seen":{"s:5:27:5:Infinity":0,"s:6:34:6:Infinity":1,"s:7:29:7:Infinity":2,"b:7:29:7:62:7:62:7:Infinity":0,"f:20:16:20:Infinity":0,"b:22:25:22:Infinity":1,"b:24:2:24:Infinity:undefined:undefined:undefined:undefined":2,"s:24:2:24:Infinity":3,"b:24:6:24:15:24:15:24:30":3,"s:24:30:24:Infinity":4,"s:25:19:25:Infinity":5,"s:26:15:26:Infinity":6,"b:27:2:27:Infinity:undefined:undefined:undefined:undefined":4,"s:27:2:27:Infinity":7,"s:27:13:27:Infinity":8,"b:30:2:30:Infinity:undefined:undefined:undefined:undefined":5,"s:30:2:30:Infinity":9,"b:30:6:30:27:30:27:30:58":6,"s:30:58:30:Infinity":10,"s:31:2:31:Infinity":11,"f:34:9:34:15":1,"s:35:2:37:Infinity":12,"f:36:5:36:10":2,"s:36:16:36:47":13,"f:40:9:40:25":3,"b:41:2:41:Infinity:undefined:undefined:undefined:undefined":7,"s:41:2:41:Infinity":14,"s:41:29:41:Infinity":15,"s:42:13:42:Infinity":16,"s:43:2:43:Infinity":17,"s:43:15:43:18":18,"s:43:37:43:Infinity":19,"s:44:2:44:Infinity":20,"f:47:15:47:23":4,"s:48:14:48:Infinity":21,"s:49:14:55:Infinity":22,"s:56:14:56:Infinity":23,"s:57:2:57:Infinity":24,"f:60:22:60:32":5,"s:61:14:61:Infinity":25,"s:62:14:62:Infinity":26,"s:63:2:63:Infinity":27,"f:66:22:66:Infinity":6,"b:71:2:71:Infinity:undefined:undefined:undefined:undefined":8,"s:71:2:71:Infinity":28,"s:71:14:71:Infinity":29,"s:72:14:72:Infinity":30,"b:73:2:73:Infinity:undefined:undefined:undefined:undefined":9,"s:73:2:73:Infinity":31,"s:73:16:73:Infinity":32,"s:74:14:74:Infinity":33,"s:75:14:75:Infinity":34,"s:76:17:76:Infinity":35,"b:77:2:77:Infinity:undefined:undefined:undefined:undefined":10,"s:77:2:77:Infinity":36,"b:77:6:77:34:77:34:77:48":11,"s:77:48:77:Infinity":37,"s:78:19:78:Infinity":38,"s:79:2:79:Infinity":39,"f:82:16:82:30":7,"b:83:2:83:Infinity:undefined:undefined:undefined:undefined":12,"s:83:2:83:Infinity":40,"b:83:6:83:19:83:19:83:27":13,"s:83:27:83:Infinity":41,"s:84:2:84:Infinity":42},"fnNames":{}}},"/Users/superlls/personal/baton/lib/db.ts":{"path":"/Users/superlls/personal/baton/lib/db.ts","statementMap":{"0":{"start":{"line":29,"column":36},"end":{"line":29,"column":null}},"1":{"start":{"line":33,"column":2},"end":{"line":40,"column":null}},"2":{"start":{"line":34,"column":16},"end":{"line":34,"column":null}},"3":{"start":{"line":35,"column":16},"end":{"line":35,"column":null}},"4":{"start":{"line":36,"column":4},"end":{"line":38,"column":null}},"5":{"start":{"line":37,"column":6},"end":{"line":37,"column":null}},"6":{"start":{"line":39,"column":4},"end":{"line":39,"column":null}},"7":{"start":{"line":41,"column":2},"end":{"line":41,"column":null}},"8":{"start":{"line":50,"column":4},"end":{"line":50,"column":null}},"9":{"start":{"line":48,"column":13},"end":{"line":48,"column":30}},"10":{"start":{"line":51,"column":4},"end":{"line":51,"column":null}},"11":{"start":{"line":57,"column":4},"end":{"line":57,"column":null}},"12":{"start":{"line":58,"column":4},"end":{"line":58,"column":null}},"13":{"start":{"line":64,"column":4},"end":{"line":64,"column":null}},"14":{"start":{"line":65,"column":4},"end":{"line":65,"column":null}},"15":{"start":{"line":70,"column":2},"end":{"line":70,"column":null}},"16":{"start":{"line":70,"column":17},"end":{"line":70,"column":null}},"17":{"start":{"line":71,"column":2},"end":{"line":71,"column":null}},"18":{"start":{"line":71,"column":25},"end":{"line":71,"column":null}},"19":{"start":{"line":72,"column":2},"end":{"line":72,"column":null}},"20":{"start":{"line":79,"column":2},"end":{"line":88,"column":null}},"21":{"start":{"line":92,"column":14},"end":{"line":95,"column":null}},"22":{"start":{"line":96,"column":2},"end":{"line":96,"column":null}},"23":{"start":{"line":100,"column":14},"end":{"line":100,"column":null}},"24":{"start":{"line":101,"column":2},"end":{"line":101,"column":null}},"25":{"start":{"line":101,"column":17},"end":{"line":101,"column":null}},"26":{"start":{"line":102,"column":2},"end":{"line":102,"column":null}},"27":{"start":{"line":102,"column":17},"end":{"line":102,"column":null}},"28":{"start":{"line":103,"column":2},"end":{"line":103,"column":null}},"29":{"start":{"line":107,"column":14},"end":{"line":107,"column":null}},"30":{"start":{"line":108,"column":2},"end":{"line":108,"column":null}},"31":{"start":{"line":108,"column":17},"end":{"line":108,"column":null}},"32":{"start":{"line":109,"column":2},"end":{"line":109,"column":null}},"33":{"start":{"line":109,"column":17},"end":{"line":109,"column":null}},"34":{"start":{"line":110,"column":2},"end":{"line":110,"column":null}},"35":{"start":{"line":117,"column":14},"end":{"line":117,"column":null}},"36":{"start":{"line":118,"column":2},"end":{"line":118,"column":null}},"37":{"start":{"line":138,"column":14},"end":{"line":145,"column":null}},"38":{"start":{"line":146,"column":15},"end":{"line":146,"column":null}},"39":{"start":{"line":148,"column":14},"end":{"line":148,"column":null}},"40":{"start":{"line":149,"column":18},"end":{"line":149,"column":null}},"41":{"start":{"line":150,"column":2},"end":{"line":162,"column":null}},"42":{"start":{"line":151,"column":14},"end":{"line":151,"column":null}},"43":{"start":{"line":152,"column":4},"end":{"line":152,"column":null}},"44":{"start":{"line":152,"column":12},"end":{"line":152,"column":null}},"45":{"start":{"line":153,"column":4},"end":{"line":153,"column":null}},"46":{"start":{"line":154,"column":15},"end":{"line":154,"column":null}},"47":{"start":{"line":155,"column":4},"end":{"line":155,"column":null}},"48":{"start":{"line":155,"column":13},"end":{"line":155,"column":null}},"49":{"start":{"line":156,"column":4},"end":{"line":161,"column":null}},"50":{"start":{"line":163,"column":2},"end":{"line":163,"column":null}},"51":{"start":{"line":163,"column":22},"end":{"line":163,"column":null}},"52":{"start":{"line":165,"column":19},"end":{"line":168,"column":null}},"53":{"start":{"line":169,"column":16},"end":{"line":171,"column":null}},"54":{"start":{"line":170,"column":53},"end":{"line":170,"column":85}},"55":{"start":{"line":172,"column":2},"end":{"line":172,"column":null}},"56":{"start":{"line":172,"column":32},"end":{"line":172,"column":null}},"57":{"start":{"line":173,"column":2},"end":{"line":173,"column":null}},"58":{"start":{"line":177,"column":2},"end":{"line":177,"column":null}},"59":{"start":{"line":177,"column":10},"end":{"line":177,"column":null}},"60":{"start":{"line":178,"column":2},"end":{"line":178,"column":null}},"61":{"start":{"line":184,"column":2},"end":{"line":200,"column":null}},"62":{"start":{"line":204,"column":2},"end":{"line":220,"column":null}},"63":{"start":{"line":224,"column":2},"end":{"line":234,"column":null}},"64":{"start":{"line":242,"column":2},"end":{"line":242,"column":null}},"65":{"start":{"line":242,"column":19},"end":{"line":242,"column":null}},"66":{"start":{"line":244,"column":2},"end":{"line":441,"column":null}},"67":{"start":{"line":249,"column":21},"end":{"line":249,"column":null}},"68":{"start":{"line":250,"column":21},"end":{"line":254,"column":null}},"69":{"start":{"line":255,"column":19},"end":{"line":255,"column":null}},"70":{"start":{"line":255,"column":63},"end":{"line":255,"column":72}},"71":{"start":{"line":257,"column":6},"end":{"line":257,"column":null}},"72":{"start":{"line":257,"column":29},"end":{"line":257,"column":null}},"73":{"start":{"line":258,"column":25},"end":{"line":262,"column":null}},"74":{"start":{"line":263,"column":23},"end":{"line":265,"column":null}},"75":{"start":{"line":264,"column":8},"end":{"line":264,"column":null}},"76":{"start":{"line":266,"column":6},"end":{"line":266,"column":null}},"77":{"start":{"line":271,"column":18},"end":{"line":271,"column":null}},"78":{"start":{"line":272,"column":6},"end":{"line":272,"column":null}},"79":{"start":{"line":272,"column":21},"end":{"line":272,"column":null}},"80":{"start":{"line":273,"column":6},"end":{"line":273,"column":null}},"81":{"start":{"line":273,"column":21},"end":{"line":273,"column":null}},"82":{"start":{"line":274,"column":6},"end":{"line":279,"column":null}},"83":{"start":{"line":275,"column":23},"end":{"line":275,"column":null}},"84":{"start":{"line":276,"column":18},"end":{"line":276,"column":null}},"85":{"start":{"line":277,"column":8},"end":{"line":277,"column":null}},"86":{"start":{"line":277,"column":16},"end":{"line":277,"column":null}},"87":{"start":{"line":278,"column":8},"end":{"line":278,"column":null}},"88":{"start":{"line":280,"column":6},"end":{"line":280,"column":null}},"89":{"start":{"line":285,"column":6},"end":{"line":285,"column":null}},"90":{"start":{"line":286,"column":18},"end":{"line":290,"column":null}},"91":{"start":{"line":291,"column":6},"end":{"line":291,"column":null}},"92":{"start":{"line":296,"column":21},"end":{"line":296,"column":null}},"93":{"start":{"line":297,"column":14},"end":{"line":300,"column":null}},"94":{"start":{"line":301,"column":6},"end":{"line":301,"column":null}},"95":{"start":{"line":301,"column":20},"end":{"line":301,"column":null}},"96":{"start":{"line":302,"column":21},"end":{"line":302,"column":null}},"97":{"start":{"line":303,"column":19},"end":{"line":303,"column":null}},"98":{"start":{"line":303,"column":63},"end":{"line":303,"column":74}},"99":{"start":{"line":305,"column":6},"end":{"line":305,"column":null}},"100":{"start":{"line":305,"column":29},"end":{"line":305,"column":null}},"101":{"start":{"line":306,"column":15},"end":{"line":310,"column":null}},"102":{"start":{"line":311,"column":6},"end":{"line":311,"column":null}},"103":{"start":{"line":311,"column":20},"end":{"line":311,"column":null}},"104":{"start":{"line":312,"column":25},"end":{"line":312,"column":null}},"105":{"start":{"line":313,"column":23},"end":{"line":315,"column":null}},"106":{"start":{"line":314,"column":8},"end":{"line":314,"column":null}},"107":{"start":{"line":316,"column":6},"end":{"line":316,"column":null}},"108":{"start":{"line":320,"column":18},"end":{"line":324,"column":null}},"109":{"start":{"line":325,"column":6},"end":{"line":325,"column":null}},"110":{"start":{"line":325,"column":21},"end":{"line":325,"column":null}},"111":{"start":{"line":326,"column":6},"end":{"line":326,"column":null}},"112":{"start":{"line":326,"column":21},"end":{"line":326,"column":null}},"113":{"start":{"line":327,"column":6},"end":{"line":332,"column":null}},"114":{"start":{"line":328,"column":23},"end":{"line":328,"column":null}},"115":{"start":{"line":329,"column":18},"end":{"line":329,"column":null}},"116":{"start":{"line":330,"column":8},"end":{"line":330,"column":null}},"117":{"start":{"line":330,"column":16},"end":{"line":330,"column":null}},"118":{"start":{"line":331,"column":8},"end":{"line":331,"column":null}},"119":{"start":{"line":333,"column":6},"end":{"line":333,"column":null}},"120":{"start":{"line":350,"column":18},"end":{"line":354,"column":null}},"121":{"start":{"line":355,"column":6},"end":{"line":355,"column":null}},"122":{"start":{"line":355,"column":21},"end":{"line":355,"column":null}},"123":{"start":{"line":356,"column":6},"end":{"line":356,"column":null}},"124":{"start":{"line":356,"column":21},"end":{"line":356,"column":null}},"125":{"start":{"line":357,"column":6},"end":{"line":359,"column":null}},"126":{"start":{"line":358,"column":8},"end":{"line":358,"column":null}},"127":{"start":{"line":360,"column":29},"end":{"line":360,"column":null}},"128":{"start":{"line":361,"column":6},"end":{"line":363,"column":null}},"129":{"start":{"line":362,"column":8},"end":{"line":362,"column":null}},"130":{"start":{"line":365,"column":43},"end":{"line":365,"column":null}},"131":{"start":{"line":366,"column":6},"end":{"line":366,"column":null}},"132":{"start":{"line":366,"column":37},"end":{"line":366,"column":null}},"133":{"start":{"line":367,"column":6},"end":{"line":367,"column":null}},"134":{"start":{"line":367,"column":39},"end":{"line":367,"column":null}},"135":{"start":{"line":368,"column":6},"end":{"line":368,"column":null}},"136":{"start":{"line":368,"column":42},"end":{"line":368,"column":null}},"137":{"start":{"line":369,"column":6},"end":{"line":370,"column":null}},"138":{"start":{"line":370,"column":8},"end":{"line":370,"column":null}},"139":{"start":{"line":371,"column":6},"end":{"line":372,"column":null}},"140":{"start":{"line":372,"column":8},"end":{"line":372,"column":null}},"141":{"start":{"line":373,"column":6},"end":{"line":373,"column":null}},"142":{"start":{"line":373,"column":41},"end":{"line":373,"column":null}},"143":{"start":{"line":375,"column":18},"end":{"line":381,"column":null}},"144":{"start":{"line":382,"column":6},"end":{"line":382,"column":null}},"145":{"start":{"line":382,"column":21},"end":{"line":382,"column":null}},"146":{"start":{"line":383,"column":6},"end":{"line":383,"column":null}},"147":{"start":{"line":383,"column":21},"end":{"line":383,"column":null}},"148":{"start":{"line":384,"column":6},"end":{"line":384,"column":null}},"149":{"start":{"line":393,"column":18},"end":{"line":398,"column":null}},"150":{"start":{"line":399,"column":6},"end":{"line":399,"column":null}},"151":{"start":{"line":399,"column":21},"end":{"line":399,"column":null}},"152":{"start":{"line":400,"column":20},"end":{"line":400,"column":null}},"153":{"start":{"line":401,"column":6},"end":{"line":401,"column":null}},"154":{"start":{"line":401,"column":29},"end":{"line":401,"column":null}},"155":{"start":{"line":404,"column":22},"end":{"line":406,"column":null}},"156":{"start":{"line":405,"column":32},"end":{"line":405,"column":41}},"157":{"start":{"line":405,"column":70},"end":{"line":405,"column":73}},"158":{"start":{"line":407,"column":22},"end":{"line":407,"column":null}},"159":{"start":{"line":408,"column":6},"end":{"line":411,"column":null}},"160":{"start":{"line":409,"column":18},"end":{"line":409,"column":null}},"161":{"start":{"line":410,"column":8},"end":{"line":410,"column":null}},"162":{"start":{"line":410,"column":49},"end":{"line":410,"column":null}},"163":{"start":{"line":412,"column":38},"end":{"line":415,"column":null}},"164":{"start":{"line":417,"column":6},"end":{"line":439,"column":null}},"165":{"start":{"line":418,"column":34},"end":{"line":418,"column":null}},"166":{"start":{"line":419,"column":8},"end":{"line":423,"column":null}},"167":{"start":{"line":421,"column":12},"end":{"line":421,"column":null}},"168":{"start":{"line":422,"column":10},"end":{"line":422,"column":null}},"169":{"start":{"line":422,"column":17},"end":{"line":422,"column":null}},"170":{"start":{"line":424,"column":8},"end":{"line":438,"column":null}},"171":{"start":{"line":456,"column":14},"end":{"line":470,"column":null}},"172":{"start":{"line":471,"column":2},"end":{"line":471,"column":null}},"173":{"start":{"line":478,"column":14},"end":{"line":478,"column":null}},"174":{"start":{"line":479,"column":2},"end":{"line":479,"column":null}},"175":{"start":{"line":479,"column":17},"end":{"line":479,"column":null}},"176":{"start":{"line":480,"column":2},"end":{"line":480,"column":null}},"177":{"start":{"line":480,"column":17},"end":{"line":480,"column":null}},"178":{"start":{"line":481,"column":2},"end":{"line":481,"column":null}},"179":{"start":{"line":494,"column":39},"end":{"line":494,"column":null}},"180":{"start":{"line":495,"column":2},"end":{"line":495,"column":null}},"181":{"start":{"line":495,"column":39},"end":{"line":495,"column":null}},"182":{"start":{"line":496,"column":2},"end":{"line":496,"column":null}},"183":{"start":{"line":496,"column":38},"end":{"line":496,"column":null}},"184":{"start":{"line":497,"column":2},"end":{"line":497,"column":null}},"185":{"start":{"line":497,"column":39},"end":{"line":497,"column":null}},"186":{"start":{"line":498,"column":2},"end":{"line":498,"column":null}},"187":{"start":{"line":498,"column":42},"end":{"line":498,"column":null}},"188":{"start":{"line":499,"column":2},"end":{"line":499,"column":null}},"189":{"start":{"line":499,"column":37},"end":{"line":499,"column":null}},"190":{"start":{"line":500,"column":14},"end":{"line":500,"column":null}},"191":{"start":{"line":501,"column":2},"end":{"line":501,"column":null}},"192":{"start":{"line":517,"column":2},"end":{"line":517,"column":null}},"193":{"start":{"line":517,"column":20},"end":{"line":517,"column":null}},"194":{"start":{"line":519,"column":14},"end":{"line":535,"column":null}},"195":{"start":{"line":522,"column":23},"end":{"line":532,"column":8}},"196":{"start":{"line":536,"column":2},"end":{"line":536,"column":null}},"197":{"start":{"line":540,"column":14},"end":{"line":546,"column":null}},"198":{"start":{"line":547,"column":2},"end":{"line":551,"column":null}},"199":{"start":{"line":547,"column":54},"end":{"line":551,"column":4}},"200":{"start":{"line":555,"column":14},"end":{"line":559,"column":null}},"201":{"start":{"line":560,"column":2},"end":{"line":560,"column":null}},"202":{"start":{"line":568,"column":14},"end":{"line":575,"column":null}},"203":{"start":{"line":576,"column":2},"end":{"line":576,"column":null}},"204":{"start":{"line":580,"column":14},"end":{"line":583,"column":null}},"205":{"start":{"line":584,"column":15},"end":{"line":588,"column":null}},"206":{"start":{"line":589,"column":2},"end":{"line":589,"column":null}},"207":{"start":{"line":605,"column":2},"end":{"line":605,"column":null}},"208":{"start":{"line":605,"column":20},"end":{"line":605,"column":null}},"209":{"start":{"line":606,"column":14},"end":{"line":619,"column":null}},"210":{"start":{"line":609,"column":23},"end":{"line":617,"column":8}},"211":{"start":{"line":620,"column":2},"end":{"line":620,"column":null}},"212":{"start":{"line":628,"column":14},"end":{"line":632,"column":null}},"213":{"start":{"line":633,"column":2},"end":{"line":635,"column":null}},"214":{"start":{"line":634,"column":48},"end":{"line":634,"column":88}},"215":{"start":{"line":640,"column":14},"end":{"line":645,"column":null}},"216":{"start":{"line":646,"column":2},"end":{"line":650,"column":null}},"217":{"start":{"line":646,"column":54},"end":{"line":650,"column":4}},"218":{"start":{"line":654,"column":14},"end":{"line":658,"column":null}},"219":{"start":{"line":659,"column":2},"end":{"line":659,"column":null}},"220":{"start":{"line":663,"column":14},"end":{"line":667,"column":null}},"221":{"start":{"line":668,"column":2},"end":{"line":673,"column":null}},"222":{"start":{"line":669,"column":46},"end":{"line":672,"column":5}},"223":{"start":{"line":679,"column":2},"end":{"line":690,"column":null}},"224":{"start":{"line":699,"column":2},"end":{"line":701,"column":null}},"225":{"start":{"line":700,"column":4},"end":{"line":700,"column":null}},"226":{"start":{"line":702,"column":14},"end":{"line":712,"column":null}},"227":{"start":{"line":713,"column":2},"end":{"line":713,"column":null}},"228":{"start":{"line":717,"column":14},"end":{"line":717,"column":null}},"229":{"start":{"line":718,"column":2},"end":{"line":718,"column":null}},"230":{"start":{"line":718,"column":17},"end":{"line":718,"column":null}},"231":{"start":{"line":719,"column":2},"end":{"line":719,"column":null}},"232":{"start":{"line":719,"column":17},"end":{"line":719,"column":null}},"233":{"start":{"line":720,"column":2},"end":{"line":720,"column":null}},"234":{"start":{"line":724,"column":10},"end":{"line":728,"column":null}},"235":{"start":{"line":729,"column":2},"end":{"line":729,"column":null}},"236":{"start":{"line":729,"column":18},"end":{"line":729,"column":null}},"237":{"start":{"line":730,"column":14},"end":{"line":730,"column":null}},"238":{"start":{"line":731,"column":2},"end":{"line":737,"column":null}},"239":{"start":{"line":731,"column":52},"end":{"line":737,"column":4}},"240":{"start":{"line":735,"column":64},"end":{"line":735,"column":88}},"241":{"start":{"line":736,"column":62},"end":{"line":736,"column":84}},"242":{"start":{"line":741,"column":14},"end":{"line":745,"column":null}},"243":{"start":{"line":746,"column":2},"end":{"line":756,"column":null}},"244":{"start":{"line":746,"column":52},"end":{"line":756,"column":4}},"245":{"start":{"line":763,"column":2},"end":{"line":763,"column":null}},"246":{"start":{"line":763,"column":21},"end":{"line":763,"column":null}},"247":{"start":{"line":768,"column":19},"end":{"line":768,"column":null}},"248":{"start":{"line":769,"column":15},"end":{"line":771,"column":null}},"249":{"start":{"line":770,"column":24},"end":{"line":770,"column":90}},"250":{"start":{"line":772,"column":16},"end":{"line":772,"column":null}},"251":{"start":{"line":772,"column":36},"end":{"line":772,"column":70}},"252":{"start":{"line":773,"column":2},"end":{"line":773,"column":null}},"253":{"start":{"line":773,"column":21},"end":{"line":773,"column":null}},"254":{"start":{"line":775,"column":14},"end":{"line":786,"column":null}},"255":{"start":{"line":778,"column":24},"end":{"line":784,"column":8}},"256":{"start":{"line":787,"column":2},"end":{"line":787,"column":null}},"257":{"start":{"line":794,"column":2},"end":{"line":803,"column":null}},"258":{"start":{"line":795,"column":16},"end":{"line":795,"column":null}},"259":{"start":{"line":796,"column":16},"end":{"line":801,"column":null}},"260":{"start":{"line":802,"column":4},"end":{"line":802,"column":null}},"261":{"start":{"line":802,"column":19},"end":{"line":802,"column":null}},"262":{"start":{"line":811,"column":39},"end":{"line":811,"column":null}},"263":{"start":{"line":812,"column":2},"end":{"line":812,"column":null}},"264":{"start":{"line":812,"column":13},"end":{"line":812,"column":null}},"265":{"start":{"line":813,"column":14},"end":{"line":818,"column":null}},"266":{"start":{"line":819,"column":2},"end":{"line":819,"column":null}},"267":{"start":{"line":819,"column":17},"end":{"line":819,"column":null}},"268":{"start":{"line":820,"column":2},"end":{"line":820,"column":null}},"269":{"start":{"line":820,"column":17},"end":{"line":820,"column":null}},"270":{"start":{"line":821,"column":2},"end":{"line":821,"column":null}},"271":{"start":{"line":830,"column":14},"end":{"line":835,"column":null}},"272":{"start":{"line":836,"column":2},"end":{"line":836,"column":null}},"273":{"start":{"line":841,"column":18},"end":{"line":846,"column":null}},"274":{"start":{"line":847,"column":17},"end":{"line":849,"column":null}},"275":{"start":{"line":848,"column":47},"end":{"line":848,"column":58}},"276":{"start":{"line":851,"column":10},"end":{"line":855,"column":null}},"277":{"start":{"line":856,"column":2},"end":{"line":856,"column":null}},"278":{"start":{"line":856,"column":19},"end":{"line":856,"column":null}},"279":{"start":{"line":857,"column":14},"end":{"line":857,"column":null}},"280":{"start":{"line":858,"column":2},"end":{"line":858,"column":null}},"281":{"start":{"line":869,"column":14},"end":{"line":874,"column":null}},"282":{"start":{"line":875,"column":2},"end":{"line":875,"column":null}},"283":{"start":{"line":875,"column":17},"end":{"line":875,"column":null}},"284":{"start":{"line":876,"column":2},"end":{"line":882,"column":null}},"285":{"start":{"line":876,"column":49},"end":{"line":882,"column":4}},"286":{"start":{"line":896,"column":14},"end":{"line":910,"column":null}},"287":{"start":{"line":911,"column":2},"end":{"line":911,"column":null}},"288":{"start":{"line":918,"column":10},"end":{"line":922,"column":null}},"289":{"start":{"line":923,"column":2},"end":{"line":923,"column":null}},"290":{"start":{"line":923,"column":17},"end":{"line":923,"column":null}},"291":{"start":{"line":924,"column":2},"end":{"line":924,"column":null}},"292":{"start":{"line":924,"column":18},"end":{"line":924,"column":null}},"293":{"start":{"line":925,"column":14},"end":{"line":925,"column":null}},"294":{"start":{"line":926,"column":2},"end":{"line":938,"column":null}},"295":{"start":{"line":926,"column":52},"end":{"line":938,"column":4}},"296":{"start":{"line":944,"column":40},"end":{"line":952,"column":null}},"297":{"start":{"line":953,"column":2},"end":{"line":958,"column":null}},"298":{"start":{"line":963,"column":20},"end":{"line":963,"column":null}},"299":{"start":{"line":964,"column":30},"end":{"line":967,"column":null}},"300":{"start":{"line":968,"column":13},"end":{"line":968,"column":null}},"301":{"start":{"line":969,"column":2},"end":{"line":970,"column":null}},"302":{"start":{"line":970,"column":4},"end":{"line":970,"column":null}},"303":{"start":{"line":971,"column":13},"end":{"line":971,"column":null}},"304":{"start":{"line":972,"column":2},"end":{"line":973,"column":null}},"305":{"start":{"line":973,"column":4},"end":{"line":973,"column":null}},"306":{"start":{"line":974,"column":2},"end":{"line":978,"column":null}},"307":{"start":{"line":974,"column":31},"end":{"line":978,"column":4}},"308":{"start":{"line":983,"column":38},"end":{"line":1001,"column":null}},"309":{"start":{"line":1003,"column":79},"end":{"line":1003,"column":null}},"310":{"start":{"line":1004,"column":2},"end":{"line":1011,"column":null}},"311":{"start":{"line":1005,"column":4},"end":{"line":1010,"column":null}},"312":{"start":{"line":1012,"column":2},"end":{"line":1022,"column":null}},"313":{"start":{"line":1013,"column":4},"end":{"line":1021,"column":null}},"314":{"start":{"line":1023,"column":2},"end":{"line":1030,"column":null}},"315":{"start":{"line":1024,"column":4},"end":{"line":1029,"column":null}},"316":{"start":{"line":1031,"column":2},"end":{"line":1031,"column":null}},"317":{"start":{"line":1031,"column":31},"end":{"line":1031,"column":52}}},"fnMap":{"0":{"name":"sb","decl":{"start":{"line":32,"column":9},"end":{"line":32,"column":30}},"loc":{"start":{"line":32,"column":30},"end":{"line":42,"column":null}},"line":32},"1":{"name":"constructor","decl":{"start":{"line":46,"column":2},"end":{"line":46,"column":null}},"loc":{"start":{"line":49,"column":4},"end":{"line":52,"column":null}},"line":49},"2":{"name":"constructor_2","decl":{"start":{"line":56,"column":2},"end":{"line":56,"column":14}},"loc":{"start":{"line":56,"column":35},"end":{"line":59,"column":null}},"line":56},"3":{"name":"constructor_3","decl":{"start":{"line":63,"column":2},"end":{"line":63,"column":14}},"loc":{"start":{"line":63,"column":33},"end":{"line":66,"column":null}},"line":63},"4":{"name":"must","decl":{"start":{"line":69,"column":9},"end":{"line":69,"column":17}},"loc":{"start":{"line":69,"column":94},"end":{"line":73,"column":null}},"line":69},"5":{"name":"toEmployee","decl":{"start":{"line":78,"column":9},"end":{"line":78,"column":20}},"loc":{"start":{"line":78,"column":38},"end":{"line":89,"column":null}},"line":78},"6":{"name":"listEmployees","decl":{"start":{"line":91,"column":22},"end":{"line":91,"column":59}},"loc":{"start":{"line":91,"column":59},"end":{"line":97,"column":null}},"line":91},"7":{"name":"getEmployeeByCode","decl":{"start":{"line":99,"column":22},"end":{"line":99,"column":40}},"loc":{"start":{"line":99,"column":73},"end":{"line":104,"column":null}},"line":99},"8":{"name":"getEmployeeById","decl":{"start":{"line":106,"column":22},"end":{"line":106,"column":38}},"loc":{"start":{"line":106,"column":69},"end":{"line":111,"column":null}},"line":106},"9":{"name":"setEmployeeStatus","decl":{"start":{"line":113,"column":22},"end":{"line":113,"column":null}},"loc":{"start":{"line":116,"column":17},"end":{"line":119,"column":null}},"line":116},"10":{"name":"grantsFor","decl":{"start":{"line":134,"column":15},"end":{"line":134,"column":null}},"loc":{"star
[...]
e":16,"column":null}},"3":{"start":{"line":18,"column":2},"end":{"line":23,"column":null}},"4":{"start":{"line":19,"column":4},"end":{"line":22,"column":null}},"5":{"start":{"line":25,"column":14},"end":{"line":25,"column":null}},"6":{"start":{"line":26,"column":2},"end":{"line":31,"column":null}},"7":{"start":{"line":27,"column":17},"end":{"line":27,"column":null}},"8":{"start":{"line":28,"column":4},"end":{"line":28,"column":null}},"9":{"start":{"line":30,"column":4},"end":{"line":30,"column":null}},"10":{"start":{"line":33,"column":2},"end":{"line":36,"column":null}},"11":{"start":{"line":34,"column":4},"end":{"line":34,"column":null}},"12":{"start":{"line":34,"column":29},"end":{"line":34,"column":47}},"13":{"start":{"line":35,"column":4},"end":{"line":35,"column":null}},"14":{"start":{"line":38,"column":16},"end":{"line":38,"column":null}},"15":{"start":{"line":39,"column":14},"end":{"line":39,"column":null}},"16":{"start":{"line":41,"column":17},"end":{"line":41,"column":null}},"17":{"start":{"line":42,"column":2},"end":{"line":49,"column":null}},"18":{"start":{"line":50,"column":2},"end":{"line":50,"column":null}},"19":{"start":{"line":54,"column":14},"end":{"line":54,"column":null}},"20":{"start":{"line":55,"column":17},"end":{"line":55,"column":null}},"21":{"start":{"line":56,"column":2},"end":{"line":63,"column":null}},"22":{"start":{"line":64,"column":2},"end":{"line":64,"column":null}}},"fnMap":{"0":{"name":"POST","decl":{"start":{"line":14,"column":22},"end":{"line":14,"column":27}},"loc":{"start":{"line":14,"column":45},"end":{"line":51,"column":null}},"line":14},"1":{"name":"(anonymous_1)","decl":{"start":{"line":34,"column":14},"end":{"line":34,"column":23}},"loc":{"start":{"line":34,"column":29},"end":{"line":34,"column":47}},"line":34},"2":{"name":"DELETE","decl":{"start":{"line":53,"column":22},"end":{"line":53,"column":29}},"loc":{"start":{"line":53,"column":47},"end":{"line":65,"column":null}},"line":53}},"branchMap":{"0":{"loc":{"start":{"line":18,"column":2},"end":{"line":23,"column":null}},"type":"if","locations":[{"start":{"line":18,"column":2},"end":{"line":23,"column":null}},{"start":{},"end":{}}],"line":18},"1":{"loc":{"start":{"line":18,"column":6},"end":{"line":18,"column":28}},"type":"binary-expr","locations":[{"start":{"line":18,"column":6},"end":{"line":18,"column":17}},{"start":{"line":18,"column":17},"end":{"line":18,"column":28}}],"line":18},"2":{"loc":{"start":{"line":28,"column":12},"end":{"line":28,"column":null}},"type":"cond-expr","locations":[{"start":{"line":28,"column":49},"end":{"line":28,"column":65}},{"start":{"line":28,"column":65},"end":{"line":28,"column":null}}],"line":28},"3":{"loc":{"start":{"line":33,"column":2},"end":{"line":36,"column":null}},"type":"if","locations":[{"start":{"line":33,"column":2},"end":{"line":36,"column":null}},{"start":{},"end":{}}],"line":33},"4":{"loc":{"start":{"line":47,"column":8},"end":{"line":47,"column":null}},"type":"cond-expr","locations":[{"start":{"line":47,"column":17},"end":{"line":47,"column":30}},{"start":{"line":47,"column":30},"end":{"line":47,"column":null}}],"line":47},"5":{"loc":{"start":{"line":61,"column":8},"end":{"line":61,"column":null}},"type":"cond-expr","locations":[{"start":{"line":61,"column":17},"end":{"line":61,"column":30}},{"start":{"line":61,"column":30},"end":{"line":61,"column":null}}],"line":61}},"s":{"0":0,"1":0,"2":0,"3":0,"4":0,"5":0,"6":0,"7":0,"8":0,"9":0,"10":0,"11":0,"12":0,"13":0,"14":0,"15":0,"16":0,"17":0,"18":0,"19":0,"20":0,"21":0,"22":0},"f":{"0":0,"1":0,"2":0},"b":{"0":[0,0],"1":[0,0],"2":[0,0],"3":[0,0],"4":[0,0],"5":[0,0]},"meta":{"lastBranch":6,"lastFunction":3,"lastStatement":23,"seen":{"s:12:23:12:Infinity":0,"f:14:22:14:27":0,"s:15:17:15:Infinity":1,"s:16:19:16:Infinity":2,"b:18:2:23:Infinity:undefined:undefined:undefined:undefined":0,"s:18:2:23:Infinity":3,"b:18:6:18:17:18:17:18:28":1,"s:19:4:22:Infinity":4,"s:25:14:25:Infinity":5,"s:26:2:31:Infinity":6,"s:27:17:27:Infinity":7,"s:28:4:28:Infinity":8,"b:28:49:28:65:28:65:28:Infinity":2,"s:30:4:30:Infinity":9,"b:33:2:36:Infinity:undefined:undefined:undefined:undefined":3,"s:33:2:36:Infinity":10,"s:34:4:34:Infinity":11,"f:34:14:34:23":1,"s:34:29:34:47":12,"s:35:4:35:Infinity":13,"s:38:16:38:Infinity":14,"s:39:14:39:Infinity":15,"s:41:17:41:Infinity":16,"s:42:2:49:Infinity":17,"b:47:17:47:30:47:30:47:Infinity":4,"s:50:2:50:Infinity":18,"f:53:22:53:29":2,"s:54:14:54:Infinity":19,"s:55:17:55:Infinity":20,"s:56:2:63:Infinity":21,"b:61:17:61:30:61:30:61:Infinity":5,"s:64:2:64:Infinity":22},"fnNames":{}}},"/Users/superlls/personal/baton/app/api/search/route.ts":{"path":"/Users/superlls/personal/baton/app/api/search/route.ts","statementMap":{"0":{"start":{"line":6,"column":23},"end":{"line":6,"column":null}},"1":{"start":{"line":7,"column":31},"end":{"line":7,"column":null}},"2":{"start":{"line":8,"column":23},"end":{"line":8,"column":null}},"3":{"start":{"line":11,"column":2},"end":{"line":31,"column":null}},"4":{"start":{"line":12,"column":15},"end":{"line":12,"column":null}},"5":{"start":{"line":13,"column":16},"end":{"line":13,"column":null}},"6":{"start":{"line":15,"column":4},"end":{"line":15,"column":null}},"7":{"start":{"line":17,"column":10},"end":{"line":17,"column":null}},"8":{"start":{"line":18,"column":4},"end":{"line":18,"column":null}},"9":{"start":{"line":18,"column":12},"end":{"line":18,"column":null}},"10":{"start":{"line":21,"column":31},"end":{"line":21,"column":null}},"11":{"start":{"line":22,"column":4},"end":{"line":27,"column":null}},"12":{"start":{"line":23,"column":18},"end":{"line":23,"column":null}},"13":{"start":{"line":24,"column":6},"end":{"line":24,"column":null}},"14":{"start":{"line":26,"column":6},"end":{"line":26,"column":null}},"15":{"start":{"line":29,"column":17},"end":{"line":29,"column":null}},"16":{"start":{"line":30,"column":4},"end":{"line":30,"column":null}}},"fnMap":{"0":{"name":"GET","decl":{"start":{"line":10,"column":22},"end":{"line":10,"column":26}},"loc":{"start":{"line":10,"column":40},"end":{"line":32,"column":null}},"line":10},"1":{"name":"(anonymous_1)","decl":{"start":{"line":11,"column":16},"end":{"line":11,"column":28}},"loc":{"start":{"line":11,"column":28},"end":{"line":31,"column":3}},"line":11}},"branchMap":{"0":{"loc":{"start":{"line":17,"column":15},"end":{"line":17,"column":46}},"type":"binary-expr","locations":[{"start":{"line":17,"column":15},"end":{"line":17,"column":44}},{"start":{"line":17,"column":44},"end":{"line":17,"column":46}}],"line":17},"1":{"loc":{"start":{"line":18,"column":4},"end":{"line":18,"column":null}},"type":"if","locations":[{"start":{"line":18,"column":4},"end":{"line":18,"column":null}},{"start":{},"end":{}}],"line":18},"2":{"loc":{"start":{"line":24,"column":12},"end":{"line":24,"column":null}},"type":"binary-expr","locations":[{"start":{"line":24,"column":12},"end":{"line":24,"column":17}},{"start":{"line":24,"column":17},"end":{"line":24,"column":null}}],"line":24}},"s":{"0":0,"1":0,"2":0,"3":0,"4":0,"5":0,"6":0,"7":0,"8":0,"9":0,"10":0,"11":0,"12":0,"13":0,"14":0,"15":0,"16":0},"f":{"0":0,"1":0},"b":{"0":[0,0],"1":[0,0],"2":[0,0]},"meta":{"lastBranch":3,"lastFunction":2,"lastStatement":17,"seen":{"s:6:23:6:Infinity":0,"s:7:31:7:Infinity":1,"s:8:23:8:Infinity":2,"f:10:22:10:26":0,"s:11:2:31:Infinity":3,"f:11:16:11:28":1,"s:12:15:12:Infinity":4,"s:13:16:13:Infinity":5,"s:15:4:15:Infinity":6,"s:17:10:17:Infinity":7,"b:17:15:17:44:17:44:17:46":0,"b:18:4:18:Infinity:undefined:undefined:undefined:undefined":1,"s:18:4:18:Infinity":8,"s:18:12:18:Infinity":9,"s:21:31:21:Infinity":10,"s:22:4:27:Infinity":11,"s:23:18:23:Infinity":12,"s:24:6:24:Infinity":13,"b:24:12:24:17:24:17:24:Infinity":2,"s:26:6:26:Infinity":14,"s:29:17:29:Infinity":15,"s:30:4:30:Infinity":16},"fnNames":{}}},"/Users/superlls/personal/baton/app/api/blob/upload/route.ts":{"path":"/Users/superlls/personal/baton/app/api/blob/upload/route.ts","statementMap":{"0":{"start":{"line":12,"column":23},"end":{"line":12,"column":null}},"1":{"start":{"line":13,"column":23},"end":{"line":13,"column":null}},"2":{"start":{"line":15,"column":30},"end":{"line":21,"column":null}},"3":{"start":{"line":24,"column":2},"end":{"line":24,"column":null}},"4":{"start":{"line":28,"column":2},"end":{"line":33,"column":null}},"5":{"start":{"line":29,"column":4},"end":{"line":32,"column":null}},"6":{"start":{"line":34,"column":16},"end":{"line":34,"column":null}},"7":{"start":{"line":35,"column":2},"end":{"line":62,"column":null}},"8":{"start":{"line":36,"column":17},"end":{"line":55,"column":null}},"9":{"start":{"line":44,"column":8},"end":{"line":48,"column":null}},"10":{"start":{"line":53,"column":8},"end":{"line":53,"column":null}},"11":{"start":{"line":56,"column":4},"end":{"line":56,"column":null}},"12":{"start":{"line":58,"column":4},"end":{"line":61,"column":null}}},"fnMap":{"0":{"name":"GET","decl":{"start":{"line":23,"column":22},"end":{"line":23,"column":28}},"loc":{"start":{"line":23,"column":28},"end":{"line":25,"column":null}},"line":23},"1":{"name":"POST","decl":{"start":{"line":27,"column":22},"end":{"line":27,"column":27}},"loc":{"start":{"line":27,"column":68},"end":{"line":63,"column":null}},"line":27},"2":{"name":"(anonymous_2)","decl":{"start":{"line":39,"column":29},"end":{"line":39,"column":41}},"loc":{"start":{"line":39,"column":41},"end":{"line":49,"column":null}},"line":39},"3":{"name":"(anonymous_3)","decl":{"start":{"line":50,"column":25},"end":{"line":50,"column":32}},"loc":{"start":{"line":50,"column":45},"end":{"line":54,"column":null}},"line":50}},"branchMap":{"0":{"loc":{"start":{"line":28,"column":2},"end":{"line":33,"column":null}},"type":"if","locations":[{"start":{"line":28,"column":2},"end":{"line":33,"column":null}},{"start":{},"end":{}}],"line":28},"1":{"loc":{"start":{"line":59,"column":15},"end":{"line":59,"column":58}},"type":"cond-expr","locations":[{"start":{"line":59,"column":36},"end":{"line":59,"column":48}},{"start":{"line":59,"column":48},"end":{"line":59,"column":58}}],"line":59}},"s":{"0":0,"1":0,"2":0,"3":0,"4":0,"5":0,"6":0,"7":0,"8":0,"9":0,"10":0,"11":0,"12":0},"f":{"0":0,"1":0,"2":0,"3":0},"b":{"0":[0,0],"1":[0,0]},"meta":{"lastBranch":2,"lastFunction":4,"lastStatement":13,"seen":{"s:12:23:12:Infinity":0,"s:13:23:13:Infinity":1,"s:15:30:21:Infinity":2,"f:23:22:23:28":0,"s:24:2:24:Infinity":3,"f:27:22:27:27":1,"b:28:2:33:Infinity:undefined:undefined:undefined:undefined":0,"s:28:2:33:Infinity":4,"s:29:4:32:Infinity":5,"s:34:16:34:Infinity":6,"s:35:2:62:Infinity":7,"s:36:17:55:Infinity":8,"f:39:29:39:41":2,"s:44:8:48:Infinity":9,"f:50:25:50:32":3,"s:53:8:53:Infinity":10,"s:56:4:56:Infinity":11,"s:58:4:61:Infinity":12,"b:59:36:59:48:59:48:59:58":1},"fnNames":{}}},"/Users/superlls/personal/baton/app/api/files/[id]/chunks/route.ts":{"path":"/Users/superlls/personal/baton/app/api/files/[id]/chunks/route.ts","statementMap":{"0":{"start":{"line":5,"column":23},"end":{"line":5,"column":null}},"1":{"start":{"line":6,"column":31},"end":{"line":6,"column":null}},"2":{"start":{"line":7,"column":23},"end":{"line":7,"column":null}},"3":{"start":{"line":10,"column":2},"end":{"line":16,"column":null}},"4":{"start":{"line":11,"column":19},"end":{"line":11,"column":null}},"5":{"start":{"line":12,"column":15},"end":{"line":12,"column":null}},"6":{"start":{"line":13,"column":14},"end":{"line":13,"column":null}},"7":{"start":{"line":14,"column":27},"end":{"line":14,"column":null}},"8":{"start":{"line":15,"column":4},"end":{"line":15,"column":null}}},"fnMap":{"0":{"name":"GET","decl":{"start":{"line":9,"column":22},"end":{"line":9,"column":26}},"loc":{"start":{"line":9,"column":89},"end":{"line":17,"column":null}},"line":9},"1":{"name":"(anonymous_1)","decl":{"start":{"line":10,"column":16},"end":{"line":10,"column":28}},"loc":{"start":{"line":10,"column":28},"end":{"line":16,"column":3}},"line":10}},"branchMap":{},"s":{"0":0,"1":0,"2":0,"3":0,"4":0,"5":0,"6":0,"7":0,"8":0},"f":{"0":0,"1":0},"b":{},"meta":{"lastBranch":0,"lastFunction":2,"lastStatement":9,"seen":{"s:5:23:5:Infinity":0,"s:6:31:6:Infinity":1,"s:7:23:7:Infinity":2,"f:9:22:9:26":0,"s:10:2:16:Infinity":3,"f:10:16:10:28":1,"s:11:19:11:Infinity":4,"s:12:15:12:Infinity":5,"s:13:14:13:Infinity":6,"s:14:27:14:Infinity":7,"s:15:4:15:Infinity":8},"fnNames":{}}},"/Users/superlls/personal/baton/app/api/handover/[id]/confirm/route.ts":{"path":"/Users/superlls/personal/baton/app/api/handover/[id]/confirm/route.ts","statementMap":{"0":{"start":{"line":5,"column":23},"end":{"line":5,"column":null}},"1":{"start":{"line":6,"column":31},"end":{"line":6,"column":null}},"2":{"start":{"line":7,"column":23},"end":{"line":7,"column":null}},"3":{"start":{"line":10,"column":2},"end":{"line":14,"column":null}},"4":{"start":{"line":11,"column":19},"end":{"line":11,"column":null}},"5":{"start":{"line":12,"column":15},"end":{"line":12,"column":null}},"6":{"start":{"line":13,"column":4},"end":{"line":13,"column":null}}},"fnMap":{"0":{"name":"POST","decl":{"start":{"line":9,"column":22},"end":{"line":9,"column":27}},"loc":{"start":{"line":9,"column":90},"end":{"line":15,"column":null}},"line":9},"1":{"name":"(anonymous_1)","decl":{"start":{"line":10,"column":16},"end":{"line":10,"column":28}},"loc":{"start":{"line":10,"column":28},"end":{"line":14,"column":3}},"line":10}},"branchMap":{},"s":{"0":0,"1":0,"2":0,"3":0,"4":0,"5":0,"6":0},"f":{"0":0,"1":0},"b":{},"meta":{"lastBranch":0,"lastFunction":2,"lastStatement":7,"seen":{"s:5:23:5:Infinity":0,"s:6:31:6:Infinity":1,"s:7:23:7:Infinity":2,"f:9:22:9:27":0,"s:10:2:14:Infinity":3,"f:10:16:10:28":1,"s:11:19:11:Infinity":4,"s:12:15:12:Infinity":5,"s:13:4:13:Infinity":6},"fnNames":{}}},"/Users/superlls/personal/baton/app/api/handover/[id]/items/route.ts":{"path":"/Users/superlls/personal/baton/app/api/handover/[id]/items/route.ts","statementMap":{"0":{"start":{"line":5,"column":23},"end":{"line":5,"column":null}},"1":{"start":{"line":6,"column":31},"end":{"line":6,"column":null}},"2":{"start":{"line":7,"column":23},"end":{"line":7,"column":null}},"3":{"start":{"line":10,"column":2},"end":{"line":15,"column":null}},"4":{"start":{"line":11,"column":19},"end":{"line":11,"column":null}},"5":{"start":{"line":12,"column":15},"end":{"line":12,"column":null}},"6":{"start":{"line":13,"column":17},"end":{"line":13,"column":null}},"7":{"start":{"line":14,"column":4},"end":{"line":14,"column":null}}},"fnMap":{"0":{"name":"PATCH","decl":{"start":{"line":9,"column":22},"end":{"line":9,"column":28}},"loc":{"start":{"line":9,"column":91},"end":{"line":16,"column":null}},"line":9},"1":{"name":"(anonymous_1)","decl":{"start":{"line":10,"column":16},"end":{"line":10,"column":28}},"loc":{"start":{"line":10,"column":28},"end":{"line":15,"column":3}},"line":10}},"branchMap":{"0":{"loc":{"start":{"line":14,"column":32},"end":{"line":14,"column":48}},"type":"binary-expr","locations":[{"start":{"line":14,"column":32},"end":{"line":14,"column":44}},{"start":{"line":14,"column":44},"end":{"line":14,"column":48}}],"line":14},"1":{"loc":{"start":{"line":14,"column":48},"end":{"line":14,"column":65}},"type":"binary-expr","locations":[{"start":{"line":14,"column":48},"end":{"line":14,"column":63}},{"start":{"line":14,"column":63},"end":{"line":14,"column":65}}],"line":14}},"s":{"0":0,"1":0,"2":0,"3":0,"4":0,"5":0,"6":0,"7":0},"f":{"0":0,"1":0},"b":{"0":[0,0],"1":[0,0]},"meta":{"lastBranch":2,"lastFunction":2,"lastStatement":8,"seen":{"s:5:23:5:Infinity":0,"s:6:31:6:Infinity":1,"s:7:23:7:Infinity":2,"f:9:22:9:28":0,"s:10:2:15:Infinity":3,"f:10:16:10:28":1,"s:11:19:11:Infinity":4,"s:12:15:12:Infinity":5,"s:13:17:13:Infinity":6,"s:14:4:14:Infinity":7,"b:14:32:14:44:14:44:14:48":0,"b:14:48:14:63:14:63:14:65":1},"fnNames":{}}},"/Users/superlls/personal/baton/app/api/handover/[id]/submit/route.ts":{"path":"/Users/superlls/personal/baton/app/api/handover/[id]/submit/route.ts","statementMap":{"0":{"start":{"line":5,"column":23},"end":{"line":5,"column":null}},"1":{"start":{"line":6,"column":31},"end":{"line":6,"column":null}},"2":{"start":{"line":7,"column":23},"end":{"line":7,"column":null}},"3":{"start":{"line":10,"column":2},"end":{"line":14,"column":null}},"4":{"start":{"line":11,"column":19},"end":{"line":11,"column":null}},"5":{"start":{"line":12,"column":15},"end":{"line":12,"column":null}},"6":{"start":{"line":13,"column":4},"end":{"line":13,"column":null}}},"fnMap":{"0":{"name":"POST","decl":{"start":{"line":9,"column":22},"end":{"line":9,"column":27}},"loc":{"start":{"line":9,"column":90},"end":{"line":15,"column":null}},"line":9},"1":{"name":"(anonymous_1)","decl":{"start":{"line":10,"column":16},"end":{"line":10,"column":28}},"loc":{"start":{"line":10,"column":28},"end":{"line":14,"column":3}},"line":10}},"branchMap":{},"s":{"0":0,"1":0,"2":0,"3":0,"4":0,"5":0,"6":0},"f":{"0":0,"1":0},"b":{},"meta":{"lastBranch":0,"lastFunction":2,"lastStatement":7,"seen":{"s:5:23:5:Infinity":0,"s:6:31:6:Infinity":1,"s:7:23:7:Infinity":2,"f:9:22:9:27":0,"s:10:2:14:Infinity":3,"f:10:16:10:28":1,"s:11:19:11:Infinity":4,"s:12:15:12:Infinity":5,"s:13:4:13:Infinity":6},"fnNames":{}}},"/Users/superlls/personal/baton/app/api/files/[id]/step/route.ts":{"path":"/Users/superlls/personal/baton/app/api/files/[id]/step/route.ts","statementMap":{"0":{"start":{"line":6,"column":23},"end":{"line":6,"column":null}},"1":{"start":{"line":7,"column":31},"end":{"line":7,"column":null}},"2":{"start":{"line":8,"column":27},"end":{"line":8,"column":null}},"3":{"start":{"line":9,"column":23},"end":{"line":9,"column":null}},"4":{"start":{"line":12,"column":2},"end":{"line":18,"column":null}},"5":{"start":{"line":13,"column":19},"end":{"line":13,"column":null}},"6":{"start":{"line":14,"column":15},"end":{"line":14,"column":null}},"7":{"start":{"line":16,"column":4},"end":{"line":16,"column":null}},"8":{"start":{"line":17,"column":4},"end":{"line":17,"column":null}}},"fnMap":{"0":{"name":"POST","decl":{"start":{"line":11,"column":22},"end":{"line":11,"column":27}},"loc":{"start":{"line":11,"column":90},"end":{"line":19,"column":null}},"line":11},"1":{"name":"(anonymous_1)","decl":{"start":{"line":12,"column":16},"end":{"line":12,"column":28}},"loc":{"start":{"line":12,"column":28},"end":{"line":18,"column":3}},"line":12}},"branchMap":{},"s":{"0":0,"1":0,"2":0,"3":0,"4":0,"5":0,"6":0,"7":0,"8":0},"f":{"0":0,"1":0},"b":{},"meta":{"lastBranch":0,"lastFunction":2,"lastStatement":9,"seen":{"s:6:23:6:Infinity":0,"s:7:31:7:Infinity":1,"s:8:27:8:Infinity":2,"s:9:23:9:Infinity":3,"f:11:22:11:27":0,"s:12:2:18:Infinity":4,"f:12:16:12:28":1,"s:13:19:13:Infinity":5,"s:14:15:14:Infinity":6,"s:16:4:16:Infinity":7,"s:17:4:17:Infinity":8},"fnNames":{}}},"/Users/superlls/personal/baton/app/api/handover/[id]/view/route.ts":{"path":"/Users/superlls/personal/baton/app/api/handover/[id]/view/route.ts","statementMap":{"0":{"start":{"line":5,"column":23},"end":{"line":5,"column":null}},"1":{"start":{"line":6,"column":31},"end":{"line":6,"column":null}},"2":{"start":{"line":7,"column":23},"end":{"line":7,"column":null}},"3":{"start":{"line":10,"column":2},"end":{"line":14,"column":null}},"4":{"start":{"line":11,"column":19},"end":{"line":11,"column":null}},"5":{"start":{"line":12,"column":15},"end":{"line":12,"column":null}},"6":{"start":{"line":13,"column":4},"end":{"line":13,"column":null}}},"fnMap":{"0":{"name":"POST","decl":{"start":{"line":9,"column":22},"end":{"line":9,"column":27}},"loc":{"start":{"line":9,"column":90},"end":{"line":15,"column":null}},"line":9},"1":{"name":"(anonymous_1)","decl":{"start":{"line":10,"column":16},"end":{"line":10,"column":28}},"loc":{"start":{"line":10,"column":28},"end":{"line":14,"column":3}},"line":10}},"branchMap":{},"s":{"0":0,"1":0,"2":0,"3":0,"4":0,"5":0,"6":0},"f":{"0":0,"1":0},"b":{},"meta":{"lastBranch":0,"lastFunction":2,"lastStatement":7,"seen":{"s:5:23:5:Infinity":0,"s:6:31:6:Infinity":1,"s:7:23:7:Infinity":2,"f:9:22:9:27":0,"s:10:2:14:Infinity":3,"f:10:16:10:28":1,"s:11:19:11:Infinity":4,"s:12:15:12:Infinity":5,"s:13:4:13:Infinity":6},"fnNames":{}}}}}