<?xml version="1.0" encoding="UTF-8" ?>
<testsuites name="vitest tests" tests="3" failures="0" errors="0" time="0.082635625">
    <testsuite name="tests/components/identity-switcher.test.tsx" timestamp="2026-07-30T15:56:11.792Z" hostname="superllsdeMacBook-Air" tests="3" failures="0" errors="0" skipped="0" time="0.082635625">
        <testcase classname="tests/components/identity-switcher.test.tsx" name="SPEC-001 身份切换器 &gt; AC-1.2.1: 三个种子员工都出现在可选项里" time="0.062698625">
        </testcase>
        <testcase classname="tests/components/identity-switcher.test.tsx" name="SPEC-001 身份切换器 &gt; AC-1.2.2: 选中另一个员工时，把新身份的 code 回传给上层" time="0.0114145">
        </testcase>
        <testcase classname="tests/components/identity-switcher.test.tsx" name="SPEC-001 身份切换器 &gt; AC-1.2.3: 切换后把当前身份写进 localStorage，刷新后能读回来" time="0.007498334">
        </testcase>
    </testsuite>
</testsuites>
